# ‰πãÂâç‰∏äÈõ≤ÁöÑÊôÇÂÄôÔºåÂ∞±ÁòãÁãÇÂá∫ÈåØÔºåÊâÄ‰ª•ÂØ´‰∫Üserver.log‰æÜÁúãÂì™Ë£°ÊúâÂïèÈ°å„ÄÇ

[2025-11-26 21:08:46 +0800] [15571] [INFO] Starting gunicorn 23.0.0
[2025-11-26 21:08:46 +0800] [15571] [INFO] Listening at: http://127.0.0.1:5000 (15571)
[2025-11-26 21:08:46 +0800] [15571] [INFO] Using worker: sync
[2025-11-26 21:08:46 +0800] [15573] [INFO] Booting worker with pid: 15573
[2025-11-26 21:08:46 +0800] [15574] [INFO] Booting worker with pid: 15574
[2025-11-26 21:08:46 +0800] [15575] [INFO] Booting worker with pid: 15575
Index creation skipped or failed: unknown command 'FT.CREATE', with args beginning with: 'idx:ticket' 'ON' 'HASH' 'PREFIX' '1' 'ticket:' 'SCHEMA' 'service' 'TEXT' 'status' 'TAG' 'created_at' 'NUMERIC' 'SORTABLE' 
üü¢ [System] Global Redis Listener Started (Multiplexing Mode)
Index creation skipped or failed: unknown command 'FT.CREATE', with args beginning with: 'idx:ticket' 'ON' 'HASH' 'PREFIX' '1' 'ticket:' 'SCHEMA' 'service' 'TEXT' 'status' 'TAG' 'created_at' 'NUMERIC' 'SORTABLE' 
üü¢ [System] Global Redis Listener Started (Multiplexing Mode)
Index creation skipped or failed: unknown command 'FT.CREATE', with args beginning with: 'idx:ticket' 'ON' 'HASH' 'PREFIX' '1' 'ticket:' 'SCHEMA' 'service' 'TEXT' 'status' 'TAG' 'created_at' 'NUMERIC' 'SORTABLE' 
üü¢ [System] Global Redis Listener Started (Multiplexing Mode)
[2025-11-26 21:09:19 +0800] [15571] [CRITICAL] WORKER TIMEOUT (pid:15573)
[2025-11-26 21:09:19 +0800] [15573] [ERROR] Error handling request /events/register
Traceback (most recent call last):
  File "/home/user/queue-dbms-project/venv/lib/python3.10/site-packages/gunicorn/workers/sync.py", line 134, in handle
    self.handle_request(listener, req, client, addr)
  File "/home/user/queue-dbms-project/venv/lib/python3.10/site-packages/gunicorn/workers/sync.py", line 182, in handle_request
    for item in respiter:
  File "/home/user/queue-dbms-project/venv/lib/python3.10/site-packages/werkzeug/wsgi.py", line 256, in __next__
    return self._next()
  File "/home/user/queue-dbms-project/venv/lib/python3.10/site-packages/werkzeug/wrappers/response.py", line 32, in _iter_encoded
    for item in iterable:
  File "/home/user/queue-dbms-project/app.py", line 170, in stream
    msg = messages.get()
  File "/usr/lib/python3.10/queue.py", line 171, in get
    self.not_empty.wait()
  File "/usr/lib/python3.10/threading.py", line 320, in wait
    waiter.acquire()
  File "/home/user/queue-dbms-project/venv/lib/python3.10/site-packages/gunicorn/workers/base.py", line 204, in handle_abort
    sys.exit(1)
SystemExit: 1
[2025-11-26 21:09:19 +0800] [15573] [INFO] Worker exiting (pid: 15573)
[2025-11-26 21:09:19 +0800] [15701] [INFO] Booting worker with pid: 15701
Index creation skipped or failed: unknown command 'FT.CREATE', with args beginning with: 'idx:ticket' 'ON' 'HASH' 'PREFIX' '1' 'ticket:' 'SCHEMA' 'service' 'TEXT' 'status' 'TAG' 'created_at' 'NUMERIC' 'SORTABLE' 
üü¢ [System] Global Redis Listener Started (Multiplexing Mode)
[2025-11-26 21:09:21,105] ERROR in app: Exception on /admin/api/summary [GET]
Traceback (most recent call last):
  File "/home/user/queue-dbms-project/venv/lib/python3.10/site-packages/flask/app.py", line 1511, in wsgi_app
    response = self.full_dispatch_request()
  File "/home/user/queue-dbms-project/venv/lib/python3.10/site-packages/flask/app.py", line 919, in full_dispatch_request
    rv = self.handle_user_exception(e)
  File "/home/user/queue-dbms-project/venv/lib/python3.10/site-packages/flask/app.py", line 917, in full_dispatch_request
    rv = self.dispatch_request()
  File "/home/user/queue-dbms-project/venv/lib/python3.10/site-packages/flask/app.py", line 902, in dispatch_request
    return self.ensure_sync(self.view_functions[rule.endpoint])(**view_args)  # type: ignore[no-any-return]
  File "/home/user/queue-dbms-project/app.py", line 366, in api_admin_summary
    summary = get_overall_summary()
NameError: name 'get_overall_summary' is not defined
[2025-11-26 21:09:21,115] ERROR in app: Exception on /admin/api/demand [GET]
Traceback (most recent call last):
  File "/home/user/queue-dbms-project/venv/lib/python3.10/site-packages/flask/app.py", line 1511, in wsgi_app
    response = self.full_dispatch_request()
  File "/home/user/queue-dbms-project/venv/lib/python3.10/site-packages/flask/app.py", line 919, in full_dispatch_request
    rv = self.handle_user_exception(e)
  File "/home/user/queue-dbms-project/venv/lib/python3.10/site-packages/flask/app.py", line 917, in full_dispatch_request
    rv = self.dispatch_request()
  File "/home/user/queue-dbms-project/venv/lib/python3.10/site-packages/flask/app.py", line 902, in dispatch_request
    return self.ensure_sync(self.view_functions[rule.endpoint])(**view_args)  # type: ignore[no-any-return]
  File "/home/user/queue-dbms-project/app.py", line 372, in api_admin_demand
    demand = get_hourly_demand()
NameError: name 'get_hourly_demand' is not defined
[2025-11-26 21:09:26,125] ERROR in app: Exception on /admin/api/summary [GET]
Traceback (most recent call last):
  File "/home/user/queue-dbms-project/venv/lib/python3.10/site-packages/flask/app.py", line 1511, in wsgi_app
    response = self.full_dispatch_request()
  File "/home/user/queue-dbms-project/venv/lib/python3.10/site-packages/flask/app.py", line 919, in full_dispatch_request
    rv = self.handle_user_exception(e)
  File "/home/user/queue-dbms-project/venv/lib/python3.10/site-packages/flask/app.py", line 917, in full_dispatch_request
    rv = self.dispatch_request()
  File "/home/user/queue-dbms-project/venv/lib/python3.10/site-packages/flask/app.py", line 902, in dispatch_request
    return self.ensure_sync(self.view_functions[rule.endpoint])(**view_args)  # type: ignore[no-any-return]
  File "/home/user/queue-dbms-project/app.py", line 366, in api_admin_summary
    summary = get_overall_summary()
NameError: name 'get_overall_summary' is not defined
[2025-11-26 21:09:26 +0800] [15571] [CRITICAL] WORKER TIMEOUT (pid:15575)
[2025-11-26 21:09:26 +0800] [15575] [ERROR] Error handling request /events/register
Traceback (most recent call last):
  File "/home/user/queue-dbms-project/venv/lib/python3.10/site-packages/gunicorn/workers/sync.py", line 134, in handle
    self.handle_request(listener, req, client, addr)
  File "/home/user/queue-dbms-project/venv/lib/python3.10/site-packages/gunicorn/workers/sync.py", line 182, in handle_request
    for item in respiter:
  File "/home/user/queue-dbms-project/venv/lib/python3.10/site-packages/werkzeug/wsgi.py", line 256, in __next__
    return self._next()
  File "/home/user/queue-dbms-project/venv/lib/python3.10/site-packages/werkzeug/wrappers/response.py", line 32, in _iter_encoded
    for item in iterable:
  File "/home/user/queue-dbms-project/app.py", line 170, in stream
    msg = messages.get()
  File "/usr/lib/python3.10/queue.py", line 171, in get
    self.not_empty.wait()
  File "/usr/lib/python3.10/threading.py", line 320, in wait
    waiter.acquire()
  File "/home/user/queue-dbms-project/venv/lib/python3.10/site-packages/gunicorn/workers/base.py", line 204, in handle_abort
    sys.exit(1)
SystemExit: 1
[2025-11-26 21:09:26 +0800] [15575] [INFO] Worker exiting (pid: 15575)
[2025-11-26 21:09:26 +0800] [15703] [INFO] Booting worker with pid: 15703
[2025-11-26 21:09:27 +0800] [15571] [CRITICAL] WORKER TIMEOUT (pid:15574)
[2025-11-26 21:09:27 +0800] [15574] [ERROR] Error handling request /events/register
Traceback (most recent call last):
  File "/home/user/queue-dbms-project/venv/lib/python3.10/site-packages/gunicorn/workers/sync.py", line 134, in handle
    self.handle_request(listener, req, client, addr)
  File "/home/user/queue-dbms-project/venv/lib/python3.10/site-packages/gunicorn/workers/sync.py", line 182, in handle_request
    for item in respiter:
  File "/home/user/queue-dbms-project/venv/lib/python3.10/site-packages/werkzeug/wsgi.py", line 256, in __next__
    return self._next()
  File "/home/user/queue-dbms-project/venv/lib/python3.10/site-packages/werkzeug/wrappers/response.py", line 32, in _iter_encoded
    for item in iterable:
  File "/home/user/queue-dbms-project/app.py", line 170, in stream
    msg = messages.get()
  File "/usr/lib/python3.10/queue.py", line 171, in get
    self.not_empty.wait()
  File "/usr/lib/python3.10/threading.py", line 320, in wait
    waiter.acquire()
  File "/home/user/queue-dbms-project/venv/lib/python3.10/site-packages/gunicorn/workers/base.py", line 204, in handle_abort
    sys.exit(1)
SystemExit: 1
[2025-11-26 21:09:27 +0800] [15574] [INFO] Worker exiting (pid: 15574)
[2025-11-26 21:09:28 +0800] [15704] [INFO] Booting worker with pid: 15704
Index creation skipped or failed: unknown command 'FT.CREATE', with args beginning with: 'idx:ticket' 'ON' 'HASH' 'PREFIX' '1' 'ticket:' 'SCHEMA' 'service' 'TEXT' 'status' 'TAG' 'created_at' 'NUMERIC' 'SORTABLE' 
üü¢ [System] Global Redis Listener Started (Multiplexing Mode)
Index creation skipped or failed: unknown command 'FT.CREATE', with args beginning with: 'idx:ticket' 'ON' 'HASH' 'PREFIX' '1' 'ticket:' 'SCHEMA' 'service' 'TEXT' 'status' 'TAG' 'created_at' 'NUMERIC' 'SORTABLE' 
üü¢ [System] Global Redis Listener Started (Multiplexing Mode)
[2025-11-26 21:09:31,132] ERROR in app: Exception on /admin/api/summary [GET]
Traceback (most recent call last):
  File "/home/user/queue-dbms-project/venv/lib/python3.10/site-packages/flask/app.py", line 1511, in wsgi_app
    response = self.full_dispatch_request()
  File "/home/user/queue-dbms-project/venv/lib/python3.10/site-packages/flask/app.py", line 919, in full_dispatch_request
    rv = self.handle_user_exception(e)
  File "/home/user/queue-dbms-project/venv/lib/python3.10/site-packages/flask/app.py", line 917, in full_dispatch_request
    rv = self.dispatch_request()
  File "/home/user/queue-dbms-project/venv/lib/python3.10/site-packages/flask/app.py", line 902, in dispatch_request
    return self.ensure_sync(self.view_functions[rule.endpoint])(**view_args)  # type: ignore[no-any-return]
  File "/home/user/queue-dbms-project/app.py", line 366, in api_admin_summary
    summary = get_overall_summary()
NameError: name 'get_overall_summary' is not defined
[2025-11-26 21:09:36,945] ERROR in app: Exception on /admin/api/summary [GET]
Traceback (most recent call last):
  File "/home/user/queue-dbms-project/venv/lib/python3.10/site-packages/flask/app.py", line 1511, in wsgi_app
    response = self.full_dispatch_request()
  File "/home/user/queue-dbms-project/venv/lib/python3.10/site-packages/flask/app.py", line 919, in full_dispatch_request
    rv = self.handle_user_exception(e)
  File "/home/user/queue-dbms-project/venv/lib/python3.10/site-packages/flask/app.py", line 917, in full_dispatch_request
    rv = self.dispatch_request()
  File "/home/user/queue-dbms-project/venv/lib/python3.10/site-packages/flask/app.py", line 902, in dispatch_request
    return self.ensure_sync(self.view_functions[rule.endpoint])(**view_args)  # type: ignore[no-any-return]
  File "/home/user/queue-dbms-project/app.py", line 366, in api_admin_summary
    summary = get_overall_summary()
NameError: name 'get_overall_summary' is not defined
[2025-11-26 21:09:39,955] ERROR in app: Exception on /admin/api/demand [GET]
Traceback (most recent call last):
  File "/home/user/queue-dbms-project/venv/lib/python3.10/site-packages/flask/app.py", line 1511, in wsgi_app
    response = self.full_dispatch_request()
  File "/home/user/queue-dbms-project/venv/lib/python3.10/site-packages/flask/app.py", line 919, in full_dispatch_request
    rv = self.handle_user_exception(e)
  File "/home/user/queue-dbms-project/venv/lib/python3.10/site-packages/flask/app.py", line 917, in full_dispatch_request
    rv = self.dispatch_request()
  File "/home/user/queue-dbms-project/venv/lib/python3.10/site-packages/flask/app.py", line 902, in dispatch_request
    return self.ensure_sync(self.view_functions[rule.endpoint])(**view_args)  # type: ignore[no-any-return]
  File "/home/user/queue-dbms-project/app.py", line 372, in api_admin_demand
    demand = get_hourly_demand()
NameError: name 'get_hourly_demand' is not defined
[2025-11-26 21:09:39,956] ERROR in app: Exception on /admin/api/summary [GET]
Traceback (most recent call last):
  File "/home/user/queue-dbms-project/venv/lib/python3.10/site-packages/flask/app.py", line 1511, in wsgi_app
    response = self.full_dispatch_request()
  File "/home/user/queue-dbms-project/venv/lib/python3.10/site-packages/flask/app.py", line 919, in full_dispatch_request
    rv = self.handle_user_exception(e)
  File "/home/user/queue-dbms-project/venv/lib/python3.10/site-packages/flask/app.py", line 917, in full_dispatch_request
    rv = self.dispatch_request()
  File "/home/user/queue-dbms-project/venv/lib/python3.10/site-packages/flask/app.py", line 902, in dispatch_request
    return self.ensure_sync(self.view_functions[rule.endpoint])(**view_args)  # type: ignore[no-any-return]
  File "/home/user/queue-dbms-project/app.py", line 366, in api_admin_summary
    summary = get_overall_summary()
NameError: name 'get_overall_summary' is not defined
[2025-11-26 21:09:41,958] ERROR in app: Exception on /admin/api/summary [GET]
Traceback (most recent call last):
  File "/home/user/queue-dbms-project/venv/lib/python3.10/site-packages/flask/app.py", line 1511, in wsgi_app
    response = self.full_dispatch_request()
  File "/home/user/queue-dbms-project/venv/lib/python3.10/site-packages/flask/app.py", line 919, in full_dispatch_request
    rv = self.handle_user_exception(e)
  File "/home/user/queue-dbms-project/venv/lib/python3.10/site-packages/flask/app.py", line 917, in full_dispatch_request
    rv = self.dispatch_request()
  File "/home/user/queue-dbms-project/venv/lib/python3.10/site-packages/flask/app.py", line 902, in dispatch_request
    return self.ensure_sync(self.view_functions[rule.endpoint])(**view_args)  # type: ignore[no-any-return]
  File "/home/user/queue-dbms-project/app.py", line 366, in api_admin_summary
    summary = get_overall_summary()
NameError: name 'get_overall_summary' is not defined
[2025-11-26 21:09:46,118] ERROR in app: Exception on /admin/api/summary [GET]
Traceback (most recent call last):
  File "/home/user/queue-dbms-project/venv/lib/python3.10/site-packages/flask/app.py", line 1511, in wsgi_app
    response = self.full_dispatch_request()
  File "/home/user/queue-dbms-project/venv/lib/python3.10/site-packages/flask/app.py", line 919, in full_dispatch_request
    rv = self.handle_user_exception(e)
  File "/home/user/queue-dbms-project/venv/lib/python3.10/site-packages/flask/app.py", line 917, in full_dispatch_request
    rv = self.dispatch_request()
  File "/home/user/queue-dbms-project/venv/lib/python3.10/site-packages/flask/app.py", line 902, in dispatch_request
    return self.ensure_sync(self.view_functions[rule.endpoint])(**view_args)  # type: ignore[no-any-return]
  File "/home/user/queue-dbms-project/app.py", line 366, in api_admin_summary
    summary = get_overall_summary()
NameError: name 'get_overall_summary' is not defined
[2025-11-26 21:09:46,304] ERROR in app: Exception on /admin/api/summary [GET]
Traceback (most recent call last):
  File "/home/user/queue-dbms-project/venv/lib/python3.10/site-packages/flask/app.py", line 1511, in wsgi_app
    response = self.full_dispatch_request()
  File "/home/user/queue-dbms-project/venv/lib/python3.10/site-packages/flask/app.py", line 919, in full_dispatch_request
    rv = self.handle_user_exception(e)
  File "/home/user/queue-dbms-project/venv/lib/python3.10/site-packages/flask/app.py", line 917, in full_dispatch_request
    rv = self.dispatch_request()
  File "/home/user/queue-dbms-project/venv/lib/python3.10/site-packages/flask/app.py", line 902, in dispatch_request
    return self.ensure_sync(self.view_functions[rule.endpoint])(**view_args)  # type: ignore[no-any-return]
  File "/home/user/queue-dbms-project/app.py", line 366, in api_admin_summary
    summary = get_overall_summary()
NameError: name 'get_overall_summary' is not defined
[2025-11-26 21:09:46,308] ERROR in app: Exception on /admin/api/demand [GET]
Traceback (most recent call last):
  File "/home/user/queue-dbms-project/venv/lib/python3.10/site-packages/flask/app.py", line 1511, in wsgi_app
    response = self.full_dispatch_request()
  File "/home/user/queue-dbms-project/venv/lib/python3.10/site-packages/flask/app.py", line 919, in full_dispatch_request
    rv = self.handle_user_exception(e)
  File "/home/user/queue-dbms-project/venv/lib/python3.10/site-packages/flask/app.py", line 917, in full_dispatch_request
    rv = self.dispatch_request()
  File "/home/user/queue-dbms-project/venv/lib/python3.10/site-packages/flask/app.py", line 902, in dispatch_request
    return self.ensure_sync(self.view_functions[rule.endpoint])(**view_args)  # type: ignore[no-any-return]
  File "/home/user/queue-dbms-project/app.py", line 372, in api_admin_demand
    demand = get_hourly_demand()
NameError: name 'get_hourly_demand' is not defined
[2025-11-26 21:09:51,116] ERROR in app: Exception on /admin/api/summary [GET]
Traceback (most recent call last):
  File "/home/user/queue-dbms-project/venv/lib/python3.10/site-packages/flask/app.py", line 1511, in wsgi_app
    response = self.full_dispatch_request()
  File "/home/user/queue-dbms-project/venv/lib/python3.10/site-packages/flask/app.py", line 919, in full_dispatch_request
    rv = self.handle_user_exception(e)
  File "/home/user/queue-dbms-project/venv/lib/python3.10/site-packages/flask/app.py", line 917, in full_dispatch_request
    rv = self.dispatch_request()
  File "/home/user/queue-dbms-project/venv/lib/python3.10/site-packages/flask/app.py", line 902, in dispatch_request
    return self.ensure_sync(self.view_functions[rule.endpoint])(**view_args)  # type: ignore[no-any-return]
  File "/home/user/queue-dbms-project/app.py", line 366, in api_admin_summary
    summary = get_overall_summary()
NameError: name 'get_overall_summary' is not defined
[2025-11-26 21:09:51,122] ERROR in app: Exception on /admin/api/demand [GET]
Traceback (most recent call last):
  File "/home/user/queue-dbms-project/venv/lib/python3.10/site-packages/flask/app.py", line 1511, in wsgi_app
    response = self.full_dispatch_request()
  File "/home/user/queue-dbms-project/venv/lib/python3.10/site-packages/flask/app.py", line 919, in full_dispatch_request
    rv = self.handle_user_exception(e)
  File "/home/user/queue-dbms-project/venv/lib/python3.10/site-packages/flask/app.py", line 917, in full_dispatch_request
    rv = self.dispatch_request()
  File "/home/user/queue-dbms-project/venv/lib/python3.10/site-packages/flask/app.py", line 902, in dispatch_request
    return self.ensure_sync(self.view_functions[rule.endpoint])(**view_args)  # type: ignore[no-any-return]
  File "/home/user/queue-dbms-project/app.py", line 372, in api_admin_demand
    demand = get_hourly_demand()
NameError: name 'get_hourly_demand' is not defined
[2025-11-26 21:09:52,463] ERROR in app: Exception on /admin/api/summary [GET]
Traceback (most recent call last):
  File "/home/user/queue-dbms-project/venv/lib/python3.10/site-packages/flask/app.py", line 1511, in wsgi_app
    response = self.full_dispatch_request()
  File "/home/user/queue-dbms-project/venv/lib/python3.10/site-packages/flask/app.py", line 919, in full_dispatch_request
    rv = self.handle_user_exception(e)
  File "/home/user/queue-dbms-project/venv/lib/python3.10/site-packages/flask/app.py", line 917, in full_dispatch_request
    rv = self.dispatch_request()
  File "/home/user/queue-dbms-project/venv/lib/python3.10/site-packages/flask/app.py", line 902, in dispatch_request
    return self.ensure_sync(self.view_functions[rule.endpoint])(**view_args)  # type: ignore[no-any-return]
  File "/home/user/queue-dbms-project/app.py", line 366, in api_admin_summary
    summary = get_overall_summary()
NameError: name 'get_overall_summary' is not defined
[2025-11-26 21:09:52,468] ERROR in app: Exception on /admin/api/demand [GET]
Traceback (most recent call last):
  File "/home/user/queue-dbms-project/venv/lib/python3.10/site-packages/flask/app.py", line 1511, in wsgi_app
    response = self.full_dispatch_request()
  File "/home/user/queue-dbms-project/venv/lib/python3.10/site-packages/flask/app.py", line 919, in full_dispatch_request
    rv = self.handle_user_exception(e)
  File "/home/user/queue-dbms-project/venv/lib/python3.10/site-packages/flask/app.py", line 917, in full_dispatch_request
    rv = self.dispatch_request()
  File "/home/user/queue-dbms-project/venv/lib/python3.10/site-packages/flask/app.py", line 902, in dispatch_request
    return self.ensure_sync(self.view_functions[rule.endpoint])(**view_args)  # type: ignore[no-any-return]
  File "/home/user/queue-dbms-project/app.py", line 372, in api_admin_demand
    demand = get_hourly_demand()
NameError: name 'get_hourly_demand' is not defined
[2025-11-26 21:09:56,690] ERROR in app: Exception on /admin/api/summary [GET]
Traceback (most recent call last):
  File "/home/user/queue-dbms-project/venv/lib/python3.10/site-packages/flask/app.py", line 1511, in wsgi_app
    response = self.full_dispatch_request()
  File "/home/user/queue-dbms-project/venv/lib/python3.10/site-packages/flask/app.py", line 919, in full_dispatch_request
    rv = self.handle_user_exception(e)
  File "/home/user/queue-dbms-project/venv/lib/python3.10/site-packages/flask/app.py", line 917, in full_dispatch_request
    rv = self.dispatch_request()
  File "/home/user/queue-dbms-project/venv/lib/python3.10/site-packages/flask/app.py", line 902, in dispatch_request
    return self.ensure_sync(self.view_functions[rule.endpoint])(**view_args)  # type: ignore[no-any-return]
  File "/home/user/queue-dbms-project/app.py", line 366, in api_admin_summary
    summary = get_overall_summary()
NameError: name 'get_overall_summary' is not defined
[2025-11-26 21:10:01,159] ERROR in app: Exception on /admin/api/summary [GET]
Traceback (most recent call last):
  File "/home/user/queue-dbms-project/venv/lib/python3.10/site-packages/flask/app.py", line 1511, in wsgi_app
    response = self.full_dispatch_request()
  File "/home/user/queue-dbms-project/venv/lib/python3.10/site-packages/flask/app.py", line 919, in full_dispatch_request
    rv = self.handle_user_exception(e)
  File "/home/user/queue-dbms-project/venv/lib/python3.10/site-packages/flask/app.py", line 917, in full_dispatch_request
    rv = self.dispatch_request()
  File "/home/user/queue-dbms-project/venv/lib/python3.10/site-packages/flask/app.py", line 902, in dispatch_request
    return self.ensure_sync(self.view_functions[rule.endpoint])(**view_args)  # type: ignore[no-any-return]
  File "/home/user/queue-dbms-project/app.py", line 366, in api_admin_summary
    summary = get_overall_summary()
NameError: name 'get_overall_summary' is not defined
[2025-11-26 21:10:05 +0800] [15571] [CRITICAL] WORKER TIMEOUT (pid:15701)
[2025-11-26 21:10:05 +0800] [15701] [ERROR] Error handling request /events/register
Traceback (most recent call last):
  File "/home/user/queue-dbms-project/venv/lib/python3.10/site-packages/gunicorn/workers/sync.py", line 134, in handle
    self.handle_request(listener, req, client, addr)
  File "/home/user/queue-dbms-project/venv/lib/python3.10/site-packages/gunicorn/workers/sync.py", line 182, in handle_request
    for item in respiter:
  File "/home/user/queue-dbms-project/venv/lib/python3.10/site-packages/werkzeug/wsgi.py", line 256, in __next__
    return self._next()
  File "/home/user/queue-dbms-project/venv/lib/python3.10/site-packages/werkzeug/wrappers/response.py", line 32, in _iter_encoded
    for item in iterable:
  File "/home/user/queue-dbms-project/app.py", line 170, in stream
    msg = messages.get()
  File "/usr/lib/python3.10/queue.py", line 171, in get
    self.not_empty.wait()
  File "/usr/lib/python3.10/threading.py", line 320, in wait
    waiter.acquire()
  File "/home/user/queue-dbms-project/venv/lib/python3.10/site-packages/gunicorn/workers/base.py", line 204, in handle_abort
    sys.exit(1)
SystemExit: 1
[2025-11-26 21:10:05 +0800] [15701] [INFO] Worker exiting (pid: 15701)
üî¥ ERROR: RediSearch FT.AGGREGATE failed. Is the RediSearch module loaded? Error: unknown command 'FT.AGGREGATE', with args beginning with: 'idx:ticket' '@status:{waiting|serving}' 'GROUPBY' '2' '@service' '@status' 'REDUCE' 'COUNT' '0' 'AS' 'cnt' 
[2025-11-26 21:10:05 +0800] [15721] [INFO] Booting worker with pid: 15721
Index creation skipped or failed: unknown command 'FT.CREATE', with args beginning with: 'idx:ticket' 'ON' 'HASH' 'PREFIX' '1' 'ticket:' 'SCHEMA' 'service' 'TEXT' 'status' 'TAG' 'created_at' 'NUMERIC' 'SORTABLE' 
üü¢ [System] Global Redis Listener Started (Multiplexing Mode)
[2025-11-26 21:10:06,966] ERROR in app: Exception on /admin/api/summary [GET]
Traceback (most recent call last):
  File "/home/user/queue-dbms-project/venv/lib/python3.10/site-packages/flask/app.py", line 1511, in wsgi_app
    response = self.full_dispatch_request()
  File "/home/user/queue-dbms-project/venv/lib/python3.10/site-packages/flask/app.py", line 919, in full_dispatch_request
    rv = self.handle_user_exception(e)
  File "/home/user/queue-dbms-project/venv/lib/python3.10/site-packages/flask/app.py", line 917, in full_dispatch_request
    rv = self.dispatch_request()
  File "/home/user/queue-dbms-project/venv/lib/python3.10/site-packages/flask/app.py", line 902, in dispatch_request
    return self.ensure_sync(self.view_functions[rule.endpoint])(**view_args)  # type: ignore[no-any-return]
  File "/home/user/queue-dbms-project/app.py", line 366, in api_admin_summary
    summary = get_overall_summary()
NameError: name 'get_overall_summary' is not defined
[2025-11-26 21:10:11,967] ERROR in app: Exception on /admin/api/summary [GET]
Traceback (most recent call last):
  File "/home/user/queue-dbms-project/venv/lib/python3.10/site-packages/flask/app.py", line 1511, in wsgi_app
    response = self.full_dispatch_request()
  File "/home/user/queue-dbms-project/venv/lib/python3.10/site-packages/flask/app.py", line 919, in full_dispatch_request
    rv = self.handle_user_exception(e)
  File "/home/user/queue-dbms-project/venv/lib/python3.10/site-packages/flask/app.py", line 917, in full_dispatch_request
    rv = self.dispatch_request()
  File "/home/user/queue-dbms-project/venv/lib/python3.10/site-packages/flask/app.py", line 902, in dispatch_request
    return self.ensure_sync(self.view_functions[rule.endpoint])(**view_args)  # type: ignore[no-any-return]
  File "/home/user/queue-dbms-project/app.py", line 366, in api_admin_summary
    summary = get_overall_summary()
NameError: name 'get_overall_summary' is not defined
[2025-11-26 21:10:12 +0800] [15571] [CRITICAL] WORKER TIMEOUT (pid:15704)
[2025-11-26 21:10:12 +0800] [15704] [ERROR] Error handling request /events/register
Traceback (most recent call last):
  File "/home/user/queue-dbms-project/venv/lib/python3.10/site-packages/gunicorn/workers/sync.py", line 134, in handle
    self.handle_request(listener, req, client, addr)
  File "/home/user/queue-dbms-project/venv/lib/python3.10/site-packages/gunicorn/workers/sync.py", line 182, in handle_request
    for item in respiter:
  File "/home/user/queue-dbms-project/venv/lib/python3.10/site-packages/werkzeug/wsgi.py", line 256, in __next__
    return self._next()
  File "/home/user/queue-dbms-project/venv/lib/python3.10/site-packages/werkzeug/wrappers/response.py", line 32, in _iter_encoded
    for item in iterable:
  File "/home/user/queue-dbms-project/app.py", line 170, in stream
    msg = messages.get()
  File "/usr/lib/python3.10/queue.py", line 171, in get
    self.not_empty.wait()
  File "/usr/lib/python3.10/threading.py", line 320, in wait
    waiter.acquire()
  File "/home/user/queue-dbms-project/venv/lib/python3.10/site-packages/gunicorn/workers/base.py", line 204, in handle_abort
    sys.exit(1)
SystemExit: 1
[2025-11-26 21:10:12 +0800] [15704] [INFO] Worker exiting (pid: 15704)
[2025-11-26 21:10:12 +0800] [15726] [INFO] Booting worker with pid: 15726
Index creation skipped or failed: unknown command 'FT.CREATE', with args beginning with: 'idx:ticket' 'ON' 'HASH' 'PREFIX' '1' 'ticket:' 'SCHEMA' 'service' 'TEXT' 'status' 'TAG' 'created_at' 'NUMERIC' 'SORTABLE' 
üü¢ [System] Global Redis Listener Started (Multiplexing Mode)
[2025-11-26 21:10:16,949] ERROR in app: Exception on /admin/api/summary [GET]
Traceback (most recent call last):
  File "/home/user/queue-dbms-project/venv/lib/python3.10/site-packages/flask/app.py", line 1511, in wsgi_app
    response = self.full_dispatch_request()
  File "/home/user/queue-dbms-project/venv/lib/python3.10/site-packages/flask/app.py", line 919, in full_dispatch_request
    rv = self.handle_user_exception(e)
  File "/home/user/queue-dbms-project/venv/lib/python3.10/site-packages/flask/app.py", line 917, in full_dispatch_request
    rv = self.dispatch_request()
  File "/home/user/queue-dbms-project/venv/lib/python3.10/site-packages/flask/app.py", line 902, in dispatch_request
    return self.ensure_sync(self.view_functions[rule.endpoint])(**view_args)  # type: ignore[no-any-return]
  File "/home/user/queue-dbms-project/app.py", line 366, in api_admin_summary
    summary = get_overall_summary()
NameError: name 'get_overall_summary' is not defined
[2025-11-26 21:10:21,113] ERROR in app: Exception on /admin/api/summary [GET]
Traceback (most recent call last):
  File "/home/user/queue-dbms-project/venv/lib/python3.10/site-packages/flask/app.py", line 1511, in wsgi_app
    response = self.full_dispatch_request()
  File "/home/user/queue-dbms-project/venv/lib/python3.10/site-packages/flask/app.py", line 919, in full_dispatch_request
    rv = self.handle_user_exception(e)
  File "/home/user/queue-dbms-project/venv/lib/python3.10/site-packages/flask/app.py", line 917, in full_dispatch_request
    rv = self.dispatch_request()
  File "/home/user/queue-dbms-project/venv/lib/python3.10/site-packages/flask/app.py", line 902, in dispatch_request
    return self.ensure_sync(self.view_functions[rule.endpoint])(**view_args)  # type: ignore[no-any-return]
  File "/home/user/queue-dbms-project/app.py", line 366, in api_admin_summary
    summary = get_overall_summary()
NameError: name 'get_overall_summary' is not defined
[2025-11-26 21:10:21,113] ERROR in app: Exception on /admin/api/demand [GET]
Traceback (most recent call last):
  File "/home/user/queue-dbms-project/venv/lib/python3.10/site-packages/flask/app.py", line 1511, in wsgi_app
    response = self.full_dispatch_request()
  File "/home/user/queue-dbms-project/venv/lib/python3.10/site-packages/flask/app.py", line 919, in full_dispatch_request
    rv = self.handle_user_exception(e)
  File "/home/user/queue-dbms-project/venv/lib/python3.10/site-packages/flask/app.py", line 917, in full_dispatch_request
    rv = self.dispatch_request()
  File "/home/user/queue-dbms-project/venv/lib/python3.10/site-packages/flask/app.py", line 902, in dispatch_request
    return self.ensure_sync(self.view_functions[rule.endpoint])(**view_args)  # type: ignore[no-any-return]
  File "/home/user/queue-dbms-project/app.py", line 372, in api_admin_demand
    demand = get_hourly_demand()
NameError: name 'get_hourly_demand' is not defined
[2025-11-26 21:10:26,950] ERROR in app: Exception on /admin/api/summary [GET]
Traceback (most recent call last):
  File "/home/user/queue-dbms-project/venv/lib/python3.10/site-packages/flask/app.py", line 1511, in wsgi_app
    response = self.full_dispatch_request()
  File "/home/user/queue-dbms-project/venv/lib/python3.10/site-packages/flask/app.py", line 919, in full_dispatch_request
    rv = self.handle_user_exception(e)
  File "/home/user/queue-dbms-project/venv/lib/python3.10/site-packages/flask/app.py", line 917, in full_dispatch_request
    rv = self.dispatch_request()
  File "/home/user/queue-dbms-project/venv/lib/python3.10/site-packages/flask/app.py", line 902, in dispatch_request
    return self.ensure_sync(self.view_functions[rule.endpoint])(**view_args)  # type: ignore[no-any-return]
  File "/home/user/queue-dbms-project/app.py", line 366, in api_admin_summary
    summary = get_overall_summary()
NameError: name 'get_overall_summary' is not defined
[2025-11-26 21:10:31,949] ERROR in app: Exception on /admin/api/summary [GET]
Traceback (most recent call last):
  File "/home/user/queue-dbms-project/venv/lib/python3.10/site-packages/flask/app.py", line 1511, in wsgi_app
    response = self.full_dispatch_request()
  File "/home/user/queue-dbms-project/venv/lib/python3.10/site-packages/flask/app.py", line 919, in full_dispatch_request
    rv = self.handle_user_exception(e)
  File "/home/user/queue-dbms-project/venv/lib/python3.10/site-packages/flask/app.py", line 917, in full_dispatch_request
    rv = self.dispatch_request()
  File "/home/user/queue-dbms-project/venv/lib/python3.10/site-packages/flask/app.py", line 902, in dispatch_request
    return self.ensure_sync(self.view_functions[rule.endpoint])(**view_args)  # type: ignore[no-any-return]
  File "/home/user/queue-dbms-project/app.py", line 366, in api_admin_summary
    summary = get_overall_summary()
NameError: name 'get_overall_summary' is not defined
[2025-11-26 21:10:36,952] ERROR in app: Exception on /admin/api/summary [GET]
Traceback (most recent call last):
  File "/home/user/queue-dbms-project/venv/lib/python3.10/site-packages/flask/app.py", line 1511, in wsgi_app
    response = self.full_dispatch_request()
  File "/home/user/queue-dbms-project/venv/lib/python3.10/site-packages/flask/app.py", line 919, in full_dispatch_request
    rv = self.handle_user_exception(e)
  File "/home/user/queue-dbms-project/venv/lib/python3.10/site-packages/flask/app.py", line 917, in full_dispatch_request
    rv = self.dispatch_request()
  File "/home/user/queue-dbms-project/venv/lib/python3.10/site-packages/flask/app.py", line 902, in dispatch_request
    return self.ensure_sync(self.view_functions[rule.endpoint])(**view_args)  # type: ignore[no-any-return]
  File "/home/user/queue-dbms-project/app.py", line 366, in api_admin_summary
    summary = get_overall_summary()
NameError: name 'get_overall_summary' is not defined
[2025-11-26 21:10:41,945] ERROR in app: Exception on /admin/api/summary [GET]
Traceback (most recent call last):
  File "/home/user/queue-dbms-project/venv/lib/python3.10/site-packages/flask/app.py", line 1511, in wsgi_app
    response = self.full_dispatch_request()
  File "/home/user/queue-dbms-project/venv/lib/python3.10/site-packages/flask/app.py", line 919, in full_dispatch_request
    rv = self.handle_user_exception(e)
  File "/home/user/queue-dbms-project/venv/lib/python3.10/site-packages/flask/app.py", line 917, in full_dispatch_request
    rv = self.dispatch_request()
  File "/home/user/queue-dbms-project/venv/lib/python3.10/site-packages/flask/app.py", line 902, in dispatch_request
    return self.ensure_sync(self.view_functions[rule.endpoint])(**view_args)  # type: ignore[no-any-return]
  File "/home/user/queue-dbms-project/app.py", line 366, in api_admin_summary
    summary = get_overall_summary()
NameError: name 'get_overall_summary' is not defined
[2025-11-26 21:10:44 +0800] [15571] [CRITICAL] WORKER TIMEOUT (pid:15703)
[2025-11-26 21:10:44 +0800] [15703] [ERROR] Error handling request /events/register
Traceback (most recent call last):
  File "/home/user/queue-dbms-project/venv/lib/python3.10/site-packages/gunicorn/workers/sync.py", line 134, in handle
    self.handle_request(listener, req, client, addr)
  File "/home/user/queue-dbms-project/venv/lib/python3.10/site-packages/gunicorn/workers/sync.py", line 182, in handle_request
    for item in respiter:
  File "/home/user/queue-dbms-project/venv/lib/python3.10/site-packages/werkzeug/wsgi.py", line 256, in __next__
    return self._next()
  File "/home/user/queue-dbms-project/venv/lib/python3.10/site-packages/werkzeug/wrappers/response.py", line 32, in _iter_encoded
    for item in iterable:
  File "/home/user/queue-dbms-project/app.py", line 170, in stream
    msg = messages.get()
  File "/usr/lib/python3.10/queue.py", line 171, in get
    self.not_empty.wait()
  File "/usr/lib/python3.10/threading.py", line 320, in wait
    waiter.acquire()
  File "/home/user/queue-dbms-project/venv/lib/python3.10/site-packages/gunicorn/workers/base.py", line 204, in handle_abort
    sys.exit(1)
SystemExit: 1
[2025-11-26 21:10:44 +0800] [15703] [INFO] Worker exiting (pid: 15703)
Search error: unknown command 'FT.SEARCH', with args beginning with: 'idx:ticket' '@service:register @status:{waiting} @created_at:[-inf 1764162581.999]' 'LIMIT' '0' '0' 
[2025-11-26 21:10:45 +0800] [15739] [INFO] Booting worker with pid: 15739
Index creation skipped or failed: unknown command 'FT.CREATE', with args beginning with: 'idx:ticket' 'ON' 'HASH' 'PREFIX' '1' 'ticket:' 'SCHEMA' 'service' 'TEXT' 'status' 'TAG' 'created_at' 'NUMERIC' 'SORTABLE' 
üü¢ [System] Global Redis Listener Started (Multiplexing Mode)
[2025-11-26 21:10:46,952] ERROR in app: Exception on /admin/api/summary [GET]
Traceback (most recent call last):
  File "/home/user/queue-dbms-project/venv/lib/python3.10/site-packages/flask/app.py", line 1511, in wsgi_app
    response = self.full_dispatch_request()
  File "/home/user/queue-dbms-project/venv/lib/python3.10/site-packages/flask/app.py", line 919, in full_dispatch_request
    rv = self.handle_user_exception(e)
  File "/home/user/queue-dbms-project/venv/lib/python3.10/site-packages/flask/app.py", line 917, in full_dispatch_request
    rv = self.dispatch_request()
  File "/home/user/queue-dbms-project/venv/lib/python3.10/site-packages/flask/app.py", line 902, in dispatch_request
    return self.ensure_sync(self.view_functions[rule.endpoint])(**view_args)  # type: ignore[no-any-return]
  File "/home/user/queue-dbms-project/app.py", line 366, in api_admin_summary
    summary = get_overall_summary()
NameError: name 'get_overall_summary' is not defined
[2025-11-26 21:10:51,955] ERROR in app: Exception on /admin/api/demand [GET]
Traceback (most recent call last):
  File "/home/user/queue-dbms-project/venv/lib/python3.10/site-packages/flask/app.py", line 1511, in wsgi_app
    response = self.full_dispatch_request()
  File "/home/user/queue-dbms-project/venv/lib/python3.10/site-packages/flask/app.py", line 919, in full_dispatch_request
    rv = self.handle_user_exception(e)
  File "/home/user/queue-dbms-project/venv/lib/python3.10/site-packages/flask/app.py", line 917, in full_dispatch_request
    rv = self.dispatch_request()
  File "/home/user/queue-dbms-project/venv/lib/python3.10/site-packages/flask/app.py", line 902, in dispatch_request
    return self.ensure_sync(self.view_functions[rule.endpoint])(**view_args)  # type: ignore[no-any-return]
  File "/home/user/queue-dbms-project/app.py", line 372, in api_admin_demand
    demand = get_hourly_demand()
NameError: name 'get_hourly_demand' is not defined
[2025-11-26 21:10:51,959] ERROR in app: Exception on /admin/api/summary [GET]
Traceback (most recent call last):
  File "/home/user/queue-dbms-project/venv/lib/python3.10/site-packages/flask/app.py", line 1511, in wsgi_app
    response = self.full_dispatch_request()
  File "/home/user/queue-dbms-project/venv/lib/python3.10/site-packages/flask/app.py", line 919, in full_dispatch_request
    rv = self.handle_user_exception(e)
  File "/home/user/queue-dbms-project/venv/lib/python3.10/site-packages/flask/app.py", line 917, in full_dispatch_request
    rv = self.dispatch_request()
  File "/home/user/queue-dbms-project/venv/lib/python3.10/site-packages/flask/app.py", line 902, in dispatch_request
    return self.ensure_sync(self.view_functions[rule.endpoint])(**view_args)  # type: ignore[no-any-return]
  File "/home/user/queue-dbms-project/app.py", line 366, in api_admin_summary
    summary = get_overall_summary()
NameError: name 'get_overall_summary' is not defined
[2025-11-26 21:11:00,872] ERROR in app: Exception on /admin/api/summary [GET]
Traceback (most recent call last):
  File "/home/user/queue-dbms-project/venv/lib/python3.10/site-packages/flask/app.py", line 1511, in wsgi_app
    response = self.full_dispatch_request()
  File "/home/user/queue-dbms-project/venv/lib/python3.10/site-packages/flask/app.py", line 919, in full_dispatch_request
    rv = self.handle_user_exception(e)
  File "/home/user/queue-dbms-project/venv/lib/python3.10/site-packages/flask/app.py", line 917, in full_dispatch_request
    rv = self.dispatch_request()
  File "/home/user/queue-dbms-project/venv/lib/python3.10/site-packages/flask/app.py", line 902, in dispatch_request
    return self.ensure_sync(self.view_functions[rule.endpoint])(**view_args)  # type: ignore[no-any-return]
  File "/home/user/queue-dbms-project/app.py", line 366, in api_admin_summary
    summary = get_overall_summary()
NameError: name 'get_overall_summary' is not defined
[2025-11-26 21:11:00,873] ERROR in app: Exception on /admin/api/demand [GET]
Traceback (most recent call last):
  File "/home/user/queue-dbms-project/venv/lib/python3.10/site-packages/flask/app.py", line 1511, in wsgi_app
    response = self.full_dispatch_request()
  File "/home/user/queue-dbms-project/venv/lib/python3.10/site-packages/flask/app.py", line 919, in full_dispatch_request
    rv = self.handle_user_exception(e)
  File "/home/user/queue-dbms-project/venv/lib/python3.10/site-packages/flask/app.py", line 917, in full_dispatch_request
    rv = self.dispatch_request()
  File "/home/user/queue-dbms-project/venv/lib/python3.10/site-packages/flask/app.py", line 902, in dispatch_request
    return self.ensure_sync(self.view_functions[rule.endpoint])(**view_args)  # type: ignore[no-any-return]
  File "/home/user/queue-dbms-project/app.py", line 372, in api_admin_demand
    demand = get_hourly_demand()
NameError: name 'get_hourly_demand' is not defined
[2025-11-26 21:11:03,747] ERROR in app: Exception on /admin/api/summary [GET]
Traceback (most recent call last):
  File "/home/user/queue-dbms-project/venv/lib/python3.10/site-packages/flask/app.py", line 1511, in wsgi_app
    response = self.full_dispatch_request()
  File "/home/user/queue-dbms-project/venv/lib/python3.10/site-packages/flask/app.py", line 919, in full_dispatch_request
    rv = self.handle_user_exception(e)
  File "/home/user/queue-dbms-project/venv/lib/python3.10/site-packages/flask/app.py", line 917, in full_dispatch_request
    rv = self.dispatch_request()
  File "/home/user/queue-dbms-project/venv/lib/python3.10/site-packages/flask/app.py", line 902, in dispatch_request
    return self.ensure_sync(self.view_functions[rule.endpoint])(**view_args)  # type: ignore[no-any-return]
  File "/home/user/queue-dbms-project/app.py", line 366, in api_admin_summary
    summary = get_overall_summary()
NameError: name 'get_overall_summary' is not defined
[2025-11-26 21:11:03,747] ERROR in app: Exception on /admin/api/demand [GET]
Traceback (most recent call last):
  File "/home/user/queue-dbms-project/venv/lib/python3.10/site-packages/flask/app.py", line 1511, in wsgi_app
    response = self.full_dispatch_request()
  File "/home/user/queue-dbms-project/venv/lib/python3.10/site-packages/flask/app.py", line 919, in full_dispatch_request
    rv = self.handle_user_exception(e)
  File "/home/user/queue-dbms-project/venv/lib/python3.10/site-packages/flask/app.py", line 917, in full_dispatch_request
    rv = self.dispatch_request()
  File "/home/user/queue-dbms-project/venv/lib/python3.10/site-packages/flask/app.py", line 902, in dispatch_request
    return self.ensure_sync(self.view_functions[rule.endpoint])(**view_args)  # type: ignore[no-any-return]
  File "/home/user/queue-dbms-project/app.py", line 372, in api_admin_demand
    demand = get_hourly_demand()
NameError: name 'get_hourly_demand' is not defined
[2025-11-26 21:11:04,715] ERROR in app: Exception on /admin/api/summary [GET]
Traceback (most recent call last):
  File "/home/user/queue-dbms-project/venv/lib/python3.10/site-packages/flask/app.py", line 1511, in wsgi_app
    response = self.full_dispatch_request()
  File "/home/user/queue-dbms-project/venv/lib/python3.10/site-packages/flask/app.py", line 919, in full_dispatch_request
    rv = self.handle_user_exception(e)
  File "/home/user/queue-dbms-project/venv/lib/python3.10/site-packages/flask/app.py", line 917, in full_dispatch_request
    rv = self.dispatch_request()
  File "/home/user/queue-dbms-project/venv/lib/python3.10/site-packages/flask/app.py", line 902, in dispatch_request
    return self.ensure_sync(self.view_functions[rule.endpoint])(**view_args)  # type: ignore[no-any-return]
  File "/home/user/queue-dbms-project/app.py", line 366, in api_admin_summary
    summary = get_overall_summary()
NameError: name 'get_overall_summary' is not defined
[2025-11-26 21:11:04,717] ERROR in app: Exception on /admin/api/demand [GET]
Traceback (most recent call last):
  File "/home/user/queue-dbms-project/venv/lib/python3.10/site-packages/flask/app.py", line 1511, in wsgi_app
    response = self.full_dispatch_request()
  File "/home/user/queue-dbms-project/venv/lib/python3.10/site-packages/flask/app.py", line 919, in full_dispatch_request
    rv = self.handle_user_exception(e)
  File "/home/user/queue-dbms-project/venv/lib/python3.10/site-packages/flask/app.py", line 917, in full_dispatch_request
    rv = self.dispatch_request()
  File "/home/user/queue-dbms-project/venv/lib/python3.10/site-packages/flask/app.py", line 902, in dispatch_request
    return self.ensure_sync(self.view_functions[rule.endpoint])(**view_args)  # type: ignore[no-any-return]
  File "/home/user/queue-dbms-project/app.py", line 372, in api_admin_demand
    demand = get_hourly_demand()
NameError: name 'get_hourly_demand' is not defined
[2025-11-26 21:11:04,871] ERROR in app: Exception on /admin/api/summary [GET]
Traceback (most recent call last):
  File "/home/user/queue-dbms-project/venv/lib/python3.10/site-packages/flask/app.py", line 1511, in wsgi_app
    response = self.full_dispatch_request()
  File "/home/user/queue-dbms-project/venv/lib/python3.10/site-packages/flask/app.py", line 919, in full_dispatch_request
    rv = self.handle_user_exception(e)
  File "/home/user/queue-dbms-project/venv/lib/python3.10/site-packages/flask/app.py", line 917, in full_dispatch_request
    rv = self.dispatch_request()
  File "/home/user/queue-dbms-project/venv/lib/python3.10/site-packages/flask/app.py", line 902, in dispatch_request
    return self.ensure_sync(self.view_functions[rule.endpoint])(**view_args)  # type: ignore[no-any-return]
  File "/home/user/queue-dbms-project/app.py", line 366, in api_admin_summary
    summary = get_overall_summary()
NameError: name 'get_overall_summary' is not defined
[2025-11-26 21:11:04,872] ERROR in app: Exception on /admin/api/demand [GET]
Traceback (most recent call last):
  File "/home/user/queue-dbms-project/venv/lib/python3.10/site-packages/flask/app.py", line 1511, in wsgi_app
    response = self.full_dispatch_request()
  File "/home/user/queue-dbms-project/venv/lib/python3.10/site-packages/flask/app.py", line 919, in full_dispatch_request
    rv = self.handle_user_exception(e)
  File "/home/user/queue-dbms-project/venv/lib/python3.10/site-packages/flask/app.py", line 917, in full_dispatch_request
    rv = self.dispatch_request()
  File "/home/user/queue-dbms-project/venv/lib/python3.10/site-packages/flask/app.py", line 902, in dispatch_request
    return self.ensure_sync(self.view_functions[rule.endpoint])(**view_args)  # type: ignore[no-any-return]
  File "/home/user/queue-dbms-project/app.py", line 372, in api_admin_demand
    demand = get_hourly_demand()
NameError: name 'get_hourly_demand' is not defined
[2025-11-26 21:11:05,070] ERROR in app: Exception on /admin/api/summary [GET]
Traceback (most recent call last):
  File "/home/user/queue-dbms-project/venv/lib/python3.10/site-packages/flask/app.py", line 1511, in wsgi_app
    response = self.full_dispatch_request()
  File "/home/user/queue-dbms-project/venv/lib/python3.10/site-packages/flask/app.py", line 919, in full_dispatch_request
    rv = self.handle_user_exception(e)
  File "/home/user/queue-dbms-project/venv/lib/python3.10/site-packages/flask/app.py", line 917, in full_dispatch_request
    rv = self.dispatch_request()
  File "/home/user/queue-dbms-project/venv/lib/python3.10/site-packages/flask/app.py", line 902, in dispatch_request
    return self.ensure_sync(self.view_functions[rule.endpoint])(**view_args)  # type: ignore[no-any-return]
  File "/home/user/queue-dbms-project/app.py", line 366, in api_admin_summary
    summary = get_overall_summary()
NameError: name 'get_overall_summary' is not defined
[2025-11-26 21:11:05,071] ERROR in app: Exception on /admin/api/demand [GET]
Traceback (most recent call last):
  File "/home/user/queue-dbms-project/venv/lib/python3.10/site-packages/flask/app.py", line 1511, in wsgi_app
    response = self.full_dispatch_request()
  File "/home/user/queue-dbms-project/venv/lib/python3.10/site-packages/flask/app.py", line 919, in full_dispatch_request
    rv = self.handle_user_exception(e)
  File "/home/user/queue-dbms-project/venv/lib/python3.10/site-packages/flask/app.py", line 917, in full_dispatch_request
    rv = self.dispatch_request()
  File "/home/user/queue-dbms-project/venv/lib/python3.10/site-packages/flask/app.py", line 902, in dispatch_request
    return self.ensure_sync(self.view_functions[rule.endpoint])(**view_args)  # type: ignore[no-any-return]
  File "/home/user/queue-dbms-project/app.py", line 372, in api_admin_demand
    demand = get_hourly_demand()
NameError: name 'get_hourly_demand' is not defined
[2025-11-26 21:11:05,468] ERROR in app: Exception on /admin/api/demand [GET]
Traceback (most recent call last):
  File "/home/user/queue-dbms-project/venv/lib/python3.10/site-packages/flask/app.py", line 1511, in wsgi_app
    response = self.full_dispatch_request()
  File "/home/user/queue-dbms-project/venv/lib/python3.10/site-packages/flask/app.py", line 919, in full_dispatch_request
    rv = self.handle_user_exception(e)
  File "/home/user/queue-dbms-project/venv/lib/python3.10/site-packages/flask/app.py", line 917, in full_dispatch_request
    rv = self.dispatch_request()
  File "/home/user/queue-dbms-project/venv/lib/python3.10/site-packages/flask/app.py", line 902, in dispatch_request
    return self.ensure_sync(self.view_functions[rule.endpoint])(**view_args)  # type: ignore[no-any-return]
  File "/home/user/queue-dbms-project/app.py", line 372, in api_admin_demand
    demand = get_hourly_demand()
NameError: name 'get_hourly_demand' is not defined
[2025-11-26 21:11:05,468] ERROR in app: Exception on /admin/api/summary [GET]
Traceback (most recent call last):
  File "/home/user/queue-dbms-project/venv/lib/python3.10/site-packages/flask/app.py", line 1511, in wsgi_app
    response = self.full_dispatch_request()
  File "/home/user/queue-dbms-project/venv/lib/python3.10/site-packages/flask/app.py", line 919, in full_dispatch_request
    rv = self.handle_user_exception(e)
  File "/home/user/queue-dbms-project/venv/lib/python3.10/site-packages/flask/app.py", line 917, in full_dispatch_request
    rv = self.dispatch_request()
  File "/home/user/queue-dbms-project/venv/lib/python3.10/site-packages/flask/app.py", line 902, in dispatch_request
    return self.ensure_sync(self.view_functions[rule.endpoint])(**view_args)  # type: ignore[no-any-return]
  File "/home/user/queue-dbms-project/app.py", line 366, in api_admin_summary
    summary = get_overall_summary()
NameError: name 'get_overall_summary' is not defined
[2025-11-26 21:11:10,959] ERROR in app: Exception on /admin/api/summary [GET]
Traceback (most recent call last):
  File "/home/user/queue-dbms-project/venv/lib/python3.10/site-packages/flask/app.py", line 1511, in wsgi_app
    response = self.full_dispatch_request()
  File "/home/user/queue-dbms-project/venv/lib/python3.10/site-packages/flask/app.py", line 919, in full_dispatch_request
    rv = self.handle_user_exception(e)
  File "/home/user/queue-dbms-project/venv/lib/python3.10/site-packages/flask/app.py", line 917, in full_dispatch_request
    rv = self.dispatch_request()
  File "/home/user/queue-dbms-project/venv/lib/python3.10/site-packages/flask/app.py", line 902, in dispatch_request
    return self.ensure_sync(self.view_functions[rule.endpoint])(**view_args)  # type: ignore[no-any-return]
  File "/home/user/queue-dbms-project/app.py", line 366, in api_admin_summary
    summary = get_overall_summary()
NameError: name 'get_overall_summary' is not defined
[2025-11-26 21:11:15,962] ERROR in app: Exception on /admin/api/summary [GET]
Traceback (most recent call last):
  File "/home/user/queue-dbms-project/venv/lib/python3.10/site-packages/flask/app.py", line 1511, in wsgi_app
    response = self.full_dispatch_request()
  File "/home/user/queue-dbms-project/venv/lib/python3.10/site-packages/flask/app.py", line 919, in full_dispatch_request
    rv = self.handle_user_exception(e)
  File "/home/user/queue-dbms-project/venv/lib/python3.10/site-packages/flask/app.py", line 917, in full_dispatch_request
    rv = self.dispatch_request()
  File "/home/user/queue-dbms-project/venv/lib/python3.10/site-packages/flask/app.py", line 902, in dispatch_request
    return self.ensure_sync(self.view_functions[rule.endpoint])(**view_args)  # type: ignore[no-any-return]
  File "/home/user/queue-dbms-project/app.py", line 366, in api_admin_summary
    summary = get_overall_summary()
NameError: name 'get_overall_summary' is not defined
[2025-11-26 21:11:20,947] ERROR in app: Exception on /admin/api/summary [GET]
Traceback (most recent call last):
  File "/home/user/queue-dbms-project/venv/lib/python3.10/site-packages/flask/app.py", line 1511, in wsgi_app
    response = self.full_dispatch_request()
  File "/home/user/queue-dbms-project/venv/lib/python3.10/site-packages/flask/app.py", line 919, in full_dispatch_request
    rv = self.handle_user_exception(e)
  File "/home/user/queue-dbms-project/venv/lib/python3.10/site-packages/flask/app.py", line 917, in full_dispatch_request
    rv = self.dispatch_request()
  File "/home/user/queue-dbms-project/venv/lib/python3.10/site-packages/flask/app.py", line 902, in dispatch_request
    return self.ensure_sync(self.view_functions[rule.endpoint])(**view_args)  # type: ignore[no-any-return]
  File "/home/user/queue-dbms-project/app.py", line 366, in api_admin_summary
    summary = get_overall_summary()
NameError: name 'get_overall_summary' is not defined
[2025-11-26 21:11:25,947] ERROR in app: Exception on /admin/api/summary [GET]
Traceback (most recent call last):
  File "/home/user/queue-dbms-project/venv/lib/python3.10/site-packages/flask/app.py", line 1511, in wsgi_app
    response = self.full_dispatch_request()
  File "/home/user/queue-dbms-project/venv/lib/python3.10/site-packages/flask/app.py", line 919, in full_dispatch_request
    rv = self.handle_user_exception(e)
  File "/home/user/queue-dbms-project/venv/lib/python3.10/site-packages/flask/app.py", line 917, in full_dispatch_request
    rv = self.dispatch_request()
  File "/home/user/queue-dbms-project/venv/lib/python3.10/site-packages/flask/app.py", line 902, in dispatch_request
    return self.ensure_sync(self.view_functions[rule.endpoint])(**view_args)  # type: ignore[no-any-return]
  File "/home/user/queue-dbms-project/app.py", line 366, in api_admin_summary
    summary = get_overall_summary()
NameError: name 'get_overall_summary' is not defined
[2025-11-26 21:11:30,943] ERROR in app: Exception on /admin/api/summary [GET]
Traceback (most recent call last):
  File "/home/user/queue-dbms-project/venv/lib/python3.10/site-packages/flask/app.py", line 1511, in wsgi_app
    response = self.full_dispatch_request()
  File "/home/user/queue-dbms-project/venv/lib/python3.10/site-packages/flask/app.py", line 919, in full_dispatch_request
    rv = self.handle_user_exception(e)
  File "/home/user/queue-dbms-project/venv/lib/python3.10/site-packages/flask/app.py", line 917, in full_dispatch_request
    rv = self.dispatch_request()
  File "/home/user/queue-dbms-project/venv/lib/python3.10/site-packages/flask/app.py", line 902, in dispatch_request
    return self.ensure_sync(self.view_functions[rule.endpoint])(**view_args)  # type: ignore[no-any-return]
  File "/home/user/queue-dbms-project/app.py", line 366, in api_admin_summary
    summary = get_overall_summary()
NameError: name 'get_overall_summary' is not defined
[2025-11-26 21:11:35,956] ERROR in app: Exception on /admin/api/summary [GET]
Traceback (most recent call last):
  File "/home/user/queue-dbms-project/venv/lib/python3.10/site-packages/flask/app.py", line 1511, in wsgi_app
    response = self.full_dispatch_request()
  File "/home/user/queue-dbms-project/venv/lib/python3.10/site-packages/flask/app.py", line 919, in full_dispatch_request
    rv = self.handle_user_exception(e)
  File "/home/user/queue-dbms-project/venv/lib/python3.10/site-packages/flask/app.py", line 917, in full_dispatch_request
    rv = self.dispatch_request()
  File "/home/user/queue-dbms-project/venv/lib/python3.10/site-packages/flask/app.py", line 902, in dispatch_request
    return self.ensure_sync(self.view_functions[rule.endpoint])(**view_args)  # type: ignore[no-any-return]
  File "/home/user/queue-dbms-project/app.py", line 366, in api_admin_summary
    summary = get_overall_summary()
NameError: name 'get_overall_summary' is not defined
[2025-11-26 21:11:35,958] ERROR in app: Exception on /admin/api/demand [GET]
Traceback (most recent call last):
  File "/home/user/queue-dbms-project/venv/lib/python3.10/site-packages/flask/app.py", line 1511, in wsgi_app
    response = self.full_dispatch_request()
  File "/home/user/queue-dbms-project/venv/lib/python3.10/site-packages/flask/app.py", line 919, in full_dispatch_request
    rv = self.handle_user_exception(e)
  File "/home/user/queue-dbms-project/venv/lib/python3.10/site-packages/flask/app.py", line 917, in full_dispatch_request
    rv = self.dispatch_request()
  File "/home/user/queue-dbms-project/venv/lib/python3.10/site-packages/flask/app.py", line 902, in dispatch_request
    return self.ensure_sync(self.view_functions[rule.endpoint])(**view_args)  # type: ignore[no-any-return]
  File "/home/user/queue-dbms-project/app.py", line 372, in api_admin_demand
    demand = get_hourly_demand()
NameError: name 'get_hourly_demand' is not defined
[2025-11-26 21:11:40,963] ERROR in app: Exception on /admin/api/summary [GET]
Traceback (most recent call last):
  File "/home/user/queue-dbms-project/venv/lib/python3.10/site-packages/flask/app.py", line 1511, in wsgi_app
    response = self.full_dispatch_request()
  File "/home/user/queue-dbms-project/venv/lib/python3.10/site-packages/flask/app.py", line 919, in full_dispatch_request
    rv = self.handle_user_exception(e)
  File "/home/user/queue-dbms-project/venv/lib/python3.10/site-packages/flask/app.py", line 917, in full_dispatch_request
    rv = self.dispatch_request()
  File "/home/user/queue-dbms-project/venv/lib/python3.10/site-packages/flask/app.py", line 902, in dispatch_request
    return self.ensure_sync(self.view_functions[rule.endpoint])(**view_args)  # type: ignore[no-any-return]
  File "/home/user/queue-dbms-project/app.py", line 366, in api_admin_summary
    summary = get_overall_summary()
NameError: name 'get_overall_summary' is not defined
[2025-11-26 21:11:45,961] ERROR in app: Exception on /admin/api/summary [GET]
Traceback (most recent call last):
  File "/home/user/queue-dbms-project/venv/lib/python3.10/site-packages/flask/app.py", line 1511, in wsgi_app
    response = self.full_dispatch_request()
  File "/home/user/queue-dbms-project/venv/lib/python3.10/site-packages/flask/app.py", line 919, in full_dispatch_request
    rv = self.handle_user_exception(e)
  File "/home/user/queue-dbms-project/venv/lib/python3.10/site-packages/flask/app.py", line 917, in full_dispatch_request
    rv = self.dispatch_request()
  File "/home/user/queue-dbms-project/venv/lib/python3.10/site-packages/flask/app.py", line 902, in dispatch_request
    return self.ensure_sync(self.view_functions[rule.endpoint])(**view_args)  # type: ignore[no-any-return]
  File "/home/user/queue-dbms-project/app.py", line 366, in api_admin_summary
    summary = get_overall_summary()
NameError: name 'get_overall_summary' is not defined
[2025-11-26 21:11:50,952] ERROR in app: Exception on /admin/api/summary [GET]
Traceback (most recent call last):
  File "/home/user/queue-dbms-project/venv/lib/python3.10/site-packages/flask/app.py", line 1511, in wsgi_app
    response = self.full_dispatch_request()
  File "/home/user/queue-dbms-project/venv/lib/python3.10/site-packages/flask/app.py", line 919, in full_dispatch_request
    rv = self.handle_user_exception(e)
  File "/home/user/queue-dbms-project/venv/lib/python3.10/site-packages/flask/app.py", line 917, in full_dispatch_request
    rv = self.dispatch_request()
  File "/home/user/queue-dbms-project/venv/lib/python3.10/site-packages/flask/app.py", line 902, in dispatch_request
    return self.ensure_sync(self.view_functions[rule.endpoint])(**view_args)  # type: ignore[no-any-return]
  File "/home/user/queue-dbms-project/app.py", line 366, in api_admin_summary
    summary = get_overall_summary()
NameError: name 'get_overall_summary' is not defined
[2025-11-26 21:11:55,951] ERROR in app: Exception on /admin/api/summary [GET]
Traceback (most recent call last):
  File "/home/user/queue-dbms-project/venv/lib/python3.10/site-packages/flask/app.py", line 1511, in wsgi_app
    response = self.full_dispatch_request()
  File "/home/user/queue-dbms-project/venv/lib/python3.10/site-packages/flask/app.py", line 919, in full_dispatch_request
    rv = self.handle_user_exception(e)
  File "/home/user/queue-dbms-project/venv/lib/python3.10/site-packages/flask/app.py", line 917, in full_dispatch_request
    rv = self.dispatch_request()
  File "/home/user/queue-dbms-project/venv/lib/python3.10/site-packages/flask/app.py", line 902, in dispatch_request
    return self.ensure_sync(self.view_functions[rule.endpoint])(**view_args)  # type: ignore[no-any-return]
  File "/home/user/queue-dbms-project/app.py", line 366, in api_admin_summary
    summary = get_overall_summary()
NameError: name 'get_overall_summary' is not defined
[2025-11-26 21:12:00,962] ERROR in app: Exception on /admin/api/summary [GET]
Traceback (most recent call last):
  File "/home/user/queue-dbms-project/venv/lib/python3.10/site-packages/flask/app.py", line 1511, in wsgi_app
    response = self.full_dispatch_request()
  File "/home/user/queue-dbms-project/venv/lib/python3.10/site-packages/flask/app.py", line 919, in full_dispatch_request
    rv = self.handle_user_exception(e)
  File "/home/user/queue-dbms-project/venv/lib/python3.10/site-packages/flask/app.py", line 917, in full_dispatch_request
    rv = self.dispatch_request()
  File "/home/user/queue-dbms-project/venv/lib/python3.10/site-packages/flask/app.py", line 902, in dispatch_request
    return self.ensure_sync(self.view_functions[rule.endpoint])(**view_args)  # type: ignore[no-any-return]
  File "/home/user/queue-dbms-project/app.py", line 366, in api_admin_summary
    summary = get_overall_summary()
NameError: name 'get_overall_summary' is not defined
[2025-11-26 21:12:05,954] ERROR in app: Exception on /admin/api/summary [GET]
Traceback (most recent call last):
  File "/home/user/queue-dbms-project/venv/lib/python3.10/site-packages/flask/app.py", line 1511, in wsgi_app
    response = self.full_dispatch_request()
  File "/home/user/queue-dbms-project/venv/lib/python3.10/site-packages/flask/app.py", line 919, in full_dispatch_request
    rv = self.handle_user_exception(e)
  File "/home/user/queue-dbms-project/venv/lib/python3.10/site-packages/flask/app.py", line 917, in full_dispatch_request
    rv = self.dispatch_request()
  File "/home/user/queue-dbms-project/venv/lib/python3.10/site-packages/flask/app.py", line 902, in dispatch_request
    return self.ensure_sync(self.view_functions[rule.endpoint])(**view_args)  # type: ignore[no-any-return]
  File "/home/user/queue-dbms-project/app.py", line 366, in api_admin_summary
    summary = get_overall_summary()
NameError: name 'get_overall_summary' is not defined
[2025-11-26 21:12:05,954] ERROR in app: Exception on /admin/api/demand [GET]
Traceback (most recent call last):
  File "/home/user/queue-dbms-project/venv/lib/python3.10/site-packages/flask/app.py", line 1511, in wsgi_app
    response = self.full_dispatch_request()
  File "/home/user/queue-dbms-project/venv/lib/python3.10/site-packages/flask/app.py", line 919, in full_dispatch_request
    rv = self.handle_user_exception(e)
  File "/home/user/queue-dbms-project/venv/lib/python3.10/site-packages/flask/app.py", line 917, in full_dispatch_request
    rv = self.dispatch_request()
  File "/home/user/queue-dbms-project/venv/lib/python3.10/site-packages/flask/app.py", line 902, in dispatch_request
    return self.ensure_sync(self.view_functions[rule.endpoint])(**view_args)  # type: ignore[no-any-return]
  File "/home/user/queue-dbms-project/app.py", line 372, in api_admin_demand
    demand = get_hourly_demand()
NameError: name 'get_hourly_demand' is not defined
[2025-11-26 21:12:35,968] ERROR in app: Exception on /admin/api/demand [GET]
Traceback (most recent call last):
  File "/home/user/queue-dbms-project/venv/lib/python3.10/site-packages/flask/app.py", line 1511, in wsgi_app
    response = self.full_dispatch_request()
  File "/home/user/queue-dbms-project/venv/lib/python3.10/site-packages/flask/app.py", line 919, in full_dispatch_request
    rv = self.handle_user_exception(e)
  File "/home/user/queue-dbms-project/venv/lib/python3.10/site-packages/flask/app.py", line 917, in full_dispatch_request
    rv = self.dispatch_request()
  File "/home/user/queue-dbms-project/venv/lib/python3.10/site-packages/flask/app.py", line 902, in dispatch_request
    return self.ensure_sync(self.view_functions[rule.endpoint])(**view_args)  # type: ignore[no-any-return]
  File "/home/user/queue-dbms-project/app.py", line 372, in api_admin_demand
    demand = get_hourly_demand()
NameError: name 'get_hourly_demand' is not defined
[2025-11-26 21:12:39,960] ERROR in app: Exception on /admin/api/summary [GET]
Traceback (most recent call last):
  File "/home/user/queue-dbms-project/venv/lib/python3.10/site-packages/flask/app.py", line 1511, in wsgi_app
    response = self.full_dispatch_request()
  File "/home/user/queue-dbms-project/venv/lib/python3.10/site-packages/flask/app.py", line 919, in full_dispatch_request
    rv = self.handle_user_exception(e)
  File "/home/user/queue-dbms-project/venv/lib/python3.10/site-packages/flask/app.py", line 917, in full_dispatch_request
    rv = self.dispatch_request()
  File "/home/user/queue-dbms-project/venv/lib/python3.10/site-packages/flask/app.py", line 902, in dispatch_request
    return self.ensure_sync(self.view_functions[rule.endpoint])(**view_args)  # type: ignore[no-any-return]
  File "/home/user/queue-dbms-project/app.py", line 366, in api_admin_summary
    summary = get_overall_summary()
NameError: name 'get_overall_summary' is not defined
[2025-11-26 21:13:05,953] ERROR in app: Exception on /admin/api/demand [GET]
Traceback (most recent call last):
  File "/home/user/queue-dbms-project/venv/lib/python3.10/site-packages/flask/app.py", line 1511, in wsgi_app
    response = self.full_dispatch_request()
  File "/home/user/queue-dbms-project/venv/lib/python3.10/site-packages/flask/app.py", line 919, in full_dispatch_request
    rv = self.handle_user_exception(e)
  File "/home/user/queue-dbms-project/venv/lib/python3.10/site-packages/flask/app.py", line 917, in full_dispatch_request
    rv = self.dispatch_request()
  File "/home/user/queue-dbms-project/venv/lib/python3.10/site-packages/flask/app.py", line 902, in dispatch_request
    return self.ensure_sync(self.view_functions[rule.endpoint])(**view_args)  # type: ignore[no-any-return]
  File "/home/user/queue-dbms-project/app.py", line 372, in api_admin_demand
    demand = get_hourly_demand()
NameError: name 'get_hourly_demand' is not defined
[2025-11-26 21:13:35,954] ERROR in app: Exception on /admin/api/demand [GET]
Traceback (most recent call last):
  File "/home/user/queue-dbms-project/venv/lib/python3.10/site-packages/flask/app.py", line 1511, in wsgi_app
    response = self.full_dispatch_request()
  File "/home/user/queue-dbms-project/venv/lib/python3.10/site-packages/flask/app.py", line 919, in full_dispatch_request
    rv = self.handle_user_exception(e)
  File "/home/user/queue-dbms-project/venv/lib/python3.10/site-packages/flask/app.py", line 917, in full_dispatch_request
    rv = self.dispatch_request()
  File "/home/user/queue-dbms-project/venv/lib/python3.10/site-packages/flask/app.py", line 902, in dispatch_request
    return self.ensure_sync(self.view_functions[rule.endpoint])(**view_args)  # type: ignore[no-any-return]
  File "/home/user/queue-dbms-project/app.py", line 372, in api_admin_demand
    demand = get_hourly_demand()
NameError: name 'get_hourly_demand' is not defined
[2025-11-26 21:13:39,939] ERROR in app: Exception on /admin/api/summary [GET]
Traceback (most recent call last):
  File "/home/user/queue-dbms-project/venv/lib/python3.10/site-packages/flask/app.py", line 1511, in wsgi_app
    response = self.full_dispatch_request()
  File "/home/user/queue-dbms-project/venv/lib/python3.10/site-packages/flask/app.py", line 919, in full_dispatch_request
    rv = self.handle_user_exception(e)
  File "/home/user/queue-dbms-project/venv/lib/python3.10/site-packages/flask/app.py", line 917, in full_dispatch_request
    rv = self.dispatch_request()
  File "/home/user/queue-dbms-project/venv/lib/python3.10/site-packages/flask/app.py", line 902, in dispatch_request
    return self.ensure_sync(self.view_functions[rule.endpoint])(**view_args)  # type: ignore[no-any-return]
  File "/home/user/queue-dbms-project/app.py", line 366, in api_admin_summary
    summary = get_overall_summary()
NameError: name 'get_overall_summary' is not defined
[2025-11-26 21:14:05,948] ERROR in app: Exception on /admin/api/demand [GET]
Traceback (most recent call last):
  File "/home/user/queue-dbms-project/venv/lib/python3.10/site-packages/flask/app.py", line 1511, in wsgi_app
    response = self.full_dispatch_request()
  File "/home/user/queue-dbms-project/venv/lib/python3.10/site-packages/flask/app.py", line 919, in full_dispatch_request
    rv = self.handle_user_exception(e)
  File "/home/user/queue-dbms-project/venv/lib/python3.10/site-packages/flask/app.py", line 917, in full_dispatch_request
    rv = self.dispatch_request()
  File "/home/user/queue-dbms-project/venv/lib/python3.10/site-packages/flask/app.py", line 902, in dispatch_request
    return self.ensure_sync(self.view_functions[rule.endpoint])(**view_args)  # type: ignore[no-any-return]
  File "/home/user/queue-dbms-project/app.py", line 372, in api_admin_demand
    demand = get_hourly_demand()
NameError: name 'get_hourly_demand' is not defined
[2025-11-26 21:14:39,959] ERROR in app: Exception on /admin/api/summary [GET]
Traceback (most recent call last):
  File "/home/user/queue-dbms-project/venv/lib/python3.10/site-packages/flask/app.py", line 1511, in wsgi_app
    response = self.full_dispatch_request()
  File "/home/user/queue-dbms-project/venv/lib/python3.10/site-packages/flask/app.py", line 919, in full_dispatch_request
    rv = self.handle_user_exception(e)
  File "/home/user/queue-dbms-project/venv/lib/python3.10/site-packages/flask/app.py", line 917, in full_dispatch_request
    rv = self.dispatch_request()
  File "/home/user/queue-dbms-project/venv/lib/python3.10/site-packages/flask/app.py", line 902, in dispatch_request
    return self.ensure_sync(self.view_functions[rule.endpoint])(**view_args)  # type: ignore[no-any-return]
  File "/home/user/queue-dbms-project/app.py", line 366, in api_admin_summary
    summary = get_overall_summary()
NameError: name 'get_overall_summary' is not defined
[2025-11-26 21:14:39,962] ERROR in app: Exception on /admin/api/demand [GET]
Traceback (most recent call last):
  File "/home/user/queue-dbms-project/venv/lib/python3.10/site-packages/flask/app.py", line 1511, in wsgi_app
    response = self.full_dispatch_request()
  File "/home/user/queue-dbms-project/venv/lib/python3.10/site-packages/flask/app.py", line 919, in full_dispatch_request
    rv = self.handle_user_exception(e)
  File "/home/user/queue-dbms-project/venv/lib/python3.10/site-packages/flask/app.py", line 917, in full_dispatch_request
    rv = self.dispatch_request()
  File "/home/user/queue-dbms-project/venv/lib/python3.10/site-packages/flask/app.py", line 902, in dispatch_request
    return self.ensure_sync(self.view_functions[rule.endpoint])(**view_args)  # type: ignore[no-any-return]
  File "/home/user/queue-dbms-project/app.py", line 372, in api_admin_demand
    demand = get_hourly_demand()
NameError: name 'get_hourly_demand' is not defined
[2025-11-26 21:15:39,961] ERROR in app: Exception on /admin/api/summary [GET]
Traceback (most recent call last):
  File "/home/user/queue-dbms-project/venv/lib/python3.10/site-packages/flask/app.py", line 1511, in wsgi_app
    response = self.full_dispatch_request()
  File "/home/user/queue-dbms-project/venv/lib/python3.10/site-packages/flask/app.py", line 919, in full_dispatch_request
    rv = self.handle_user_exception(e)
  File "/home/user/queue-dbms-project/venv/lib/python3.10/site-packages/flask/app.py", line 917, in full_dispatch_request
    rv = self.dispatch_request()
  File "/home/user/queue-dbms-project/venv/lib/python3.10/site-packages/flask/app.py", line 902, in dispatch_request
    return self.ensure_sync(self.view_functions[rule.endpoint])(**view_args)  # type: ignore[no-any-return]
  File "/home/user/queue-dbms-project/app.py", line 366, in api_admin_summary
    summary = get_overall_summary()
NameError: name 'get_overall_summary' is not defined
[2025-11-26 21:15:39,964] ERROR in app: Exception on /admin/api/demand [GET]
Traceback (most recent call last):
  File "/home/user/queue-dbms-project/venv/lib/python3.10/site-packages/flask/app.py", line 1511, in wsgi_app
    response = self.full_dispatch_request()
  File "/home/user/queue-dbms-project/venv/lib/python3.10/site-packages/flask/app.py", line 919, in full_dispatch_request
    rv = self.handle_user_exception(e)
  File "/home/user/queue-dbms-project/venv/lib/python3.10/site-packages/flask/app.py", line 917, in full_dispatch_request
    rv = self.dispatch_request()
  File "/home/user/queue-dbms-project/venv/lib/python3.10/site-packages/flask/app.py", line 902, in dispatch_request
    return self.ensure_sync(self.view_functions[rule.endpoint])(**view_args)  # type: ignore[no-any-return]
  File "/home/user/queue-dbms-project/app.py", line 372, in api_admin_demand
    demand = get_hourly_demand()
NameError: name 'get_hourly_demand' is not defined
[2025-11-26 21:16:39,966] ERROR in app: Exception on /admin/api/summary [GET]
Traceback (most recent call last):
  File "/home/user/queue-dbms-project/venv/lib/python3.10/site-packages/flask/app.py", line 1511, in wsgi_app
    response = self.full_dispatch_request()
  File "/home/user/queue-dbms-project/venv/lib/python3.10/site-packages/flask/app.py", line 919, in full_dispatch_request
    rv = self.handle_user_exception(e)
  File "/home/user/queue-dbms-project/venv/lib/python3.10/site-packages/flask/app.py", line 917, in full_dispatch_request
    rv = self.dispatch_request()
  File "/home/user/queue-dbms-project/venv/lib/python3.10/site-packages/flask/app.py", line 902, in dispatch_request
    return self.ensure_sync(self.view_functions[rule.endpoint])(**view_args)  # type: ignore[no-any-return]
  File "/home/user/queue-dbms-project/app.py", line 366, in api_admin_summary
    summary = get_overall_summary()
NameError: name 'get_overall_summary' is not defined
[2025-11-26 21:16:39,970] ERROR in app: Exception on /admin/api/demand [GET]
Traceback (most recent call last):
  File "/home/user/queue-dbms-project/venv/lib/python3.10/site-packages/flask/app.py", line 1511, in wsgi_app
    response = self.full_dispatch_request()
  File "/home/user/queue-dbms-project/venv/lib/python3.10/site-packages/flask/app.py", line 919, in full_dispatch_request
    rv = self.handle_user_exception(e)
  File "/home/user/queue-dbms-project/venv/lib/python3.10/site-packages/flask/app.py", line 917, in full_dispatch_request
    rv = self.dispatch_request()
  File "/home/user/queue-dbms-project/venv/lib/python3.10/site-packages/flask/app.py", line 902, in dispatch_request
    return self.ensure_sync(self.view_functions[rule.endpoint])(**view_args)  # type: ignore[no-any-return]
  File "/home/user/queue-dbms-project/app.py", line 372, in api_admin_demand
    demand = get_hourly_demand()
NameError: name 'get_hourly_demand' is not defined
[2025-11-26 21:17:39,969] ERROR in app: Exception on /admin/api/summary [GET]
Traceback (most recent call last):
  File "/home/user/queue-dbms-project/venv/lib/python3.10/site-packages/flask/app.py", line 1511, in wsgi_app
    response = self.full_dispatch_request()
  File "/home/user/queue-dbms-project/venv/lib/python3.10/site-packages/flask/app.py", line 919, in full_dispatch_request
    rv = self.handle_user_exception(e)
  File "/home/user/queue-dbms-project/venv/lib/python3.10/site-packages/flask/app.py", line 917, in full_dispatch_request
    rv = self.dispatch_request()
  File "/home/user/queue-dbms-project/venv/lib/python3.10/site-packages/flask/app.py", line 902, in dispatch_request
    return self.ensure_sync(self.view_functions[rule.endpoint])(**view_args)  # type: ignore[no-any-return]
  File "/home/user/queue-dbms-project/app.py", line 366, in api_admin_summary
    summary = get_overall_summary()
NameError: name 'get_overall_summary' is not defined
[2025-11-26 21:17:39,976] ERROR in app: Exception on /admin/api/demand [GET]
Traceback (most recent call last):
  File "/home/user/queue-dbms-project/venv/lib/python3.10/site-packages/flask/app.py", line 1511, in wsgi_app
    response = self.full_dispatch_request()
  File "/home/user/queue-dbms-project/venv/lib/python3.10/site-packages/flask/app.py", line 919, in full_dispatch_request
    rv = self.handle_user_exception(e)
  File "/home/user/queue-dbms-project/venv/lib/python3.10/site-packages/flask/app.py", line 917, in full_dispatch_request
    rv = self.dispatch_request()
  File "/home/user/queue-dbms-project/venv/lib/python3.10/site-packages/flask/app.py", line 902, in dispatch_request
    return self.ensure_sync(self.view_functions[rule.endpoint])(**view_args)  # type: ignore[no-any-return]
  File "/home/user/queue-dbms-project/app.py", line 372, in api_admin_demand
    demand = get_hourly_demand()
NameError: name 'get_hourly_demand' is not defined
[2025-11-26 21:18:39,959] ERROR in app: Exception on /admin/api/summary [GET]
Traceback (most recent call last):
  File "/home/user/queue-dbms-project/venv/lib/python3.10/site-packages/flask/app.py", line 1511, in wsgi_app
    response = self.full_dispatch_request()
  File "/home/user/queue-dbms-project/venv/lib/python3.10/site-packages/flask/app.py", line 919, in full_dispatch_request
    rv = self.handle_user_exception(e)
  File "/home/user/queue-dbms-project/venv/lib/python3.10/site-packages/flask/app.py", line 917, in full_dispatch_request
    rv = self.dispatch_request()
  File "/home/user/queue-dbms-project/venv/lib/python3.10/site-packages/flask/app.py", line 902, in dispatch_request
    return self.ensure_sync(self.view_functions[rule.endpoint])(**view_args)  # type: ignore[no-any-return]
  File "/home/user/queue-dbms-project/app.py", line 366, in api_admin_summary
    summary = get_overall_summary()
NameError: name 'get_overall_summary' is not defined
[2025-11-26 21:18:39,963] ERROR in app: Exception on /admin/api/demand [GET]
Traceback (most recent call last):
  File "/home/user/queue-dbms-project/venv/lib/python3.10/site-packages/flask/app.py", line 1511, in wsgi_app
    response = self.full_dispatch_request()
  File "/home/user/queue-dbms-project/venv/lib/python3.10/site-packages/flask/app.py", line 919, in full_dispatch_request
    rv = self.handle_user_exception(e)
  File "/home/user/queue-dbms-project/venv/lib/python3.10/site-packages/flask/app.py", line 917, in full_dispatch_request
    rv = self.dispatch_request()
  File "/home/user/queue-dbms-project/venv/lib/python3.10/site-packages/flask/app.py", line 902, in dispatch_request
    return self.ensure_sync(self.view_functions[rule.endpoint])(**view_args)  # type: ignore[no-any-return]
  File "/home/user/queue-dbms-project/app.py", line 372, in api_admin_demand
    demand = get_hourly_demand()
NameError: name 'get_hourly_demand' is not defined
[2025-11-26 21:19:39,981] ERROR in app: Exception on /admin/api/summary [GET]
Traceback (most recent call last):
  File "/home/user/queue-dbms-project/venv/lib/python3.10/site-packages/flask/app.py", line 1511, in wsgi_app
    response = self.full_dispatch_request()
  File "/home/user/queue-dbms-project/venv/lib/python3.10/site-packages/flask/app.py", line 919, in full_dispatch_request
    rv = self.handle_user_exception(e)
  File "/home/user/queue-dbms-project/venv/lib/python3.10/site-packages/flask/app.py", line 917, in full_dispatch_request
    rv = self.dispatch_request()
  File "/home/user/queue-dbms-project/venv/lib/python3.10/site-packages/flask/app.py", line 902, in dispatch_request
    return self.ensure_sync(self.view_functions[rule.endpoint])(**view_args)  # type: ignore[no-any-return]
  File "/home/user/queue-dbms-project/app.py", line 366, in api_admin_summary
    summary = get_overall_summary()
NameError: name 'get_overall_summary' is not defined
[2025-11-26 21:19:39,987] ERROR in app: Exception on /admin/api/demand [GET]
Traceback (most recent call last):
  File "/home/user/queue-dbms-project/venv/lib/python3.10/site-packages/flask/app.py", line 1511, in wsgi_app
    response = self.full_dispatch_request()
  File "/home/user/queue-dbms-project/venv/lib/python3.10/site-packages/flask/app.py", line 919, in full_dispatch_request
    rv = self.handle_user_exception(e)
  File "/home/user/queue-dbms-project/venv/lib/python3.10/site-packages/flask/app.py", line 917, in full_dispatch_request
    rv = self.dispatch_request()
  File "/home/user/queue-dbms-project/venv/lib/python3.10/site-packages/flask/app.py", line 902, in dispatch_request
    return self.ensure_sync(self.view_functions[rule.endpoint])(**view_args)  # type: ignore[no-any-return]
  File "/home/user/queue-dbms-project/app.py", line 372, in api_admin_demand
    demand = get_hourly_demand()
NameError: name 'get_hourly_demand' is not defined
[2025-11-26 21:20:39,976] ERROR in app: Exception on /admin/api/summary [GET]
Traceback (most recent call last):
  File "/home/user/queue-dbms-project/venv/lib/python3.10/site-packages/flask/app.py", line 1511, in wsgi_app
    response = self.full_dispatch_request()
  File "/home/user/queue-dbms-project/venv/lib/python3.10/site-packages/flask/app.py", line 919, in full_dispatch_request
    rv = self.handle_user_exception(e)
  File "/home/user/queue-dbms-project/venv/lib/python3.10/site-packages/flask/app.py", line 917, in full_dispatch_request
    rv = self.dispatch_request()
  File "/home/user/queue-dbms-project/venv/lib/python3.10/site-packages/flask/app.py", line 902, in dispatch_request
    return self.ensure_sync(self.view_functions[rule.endpoint])(**view_args)  # type: ignore[no-any-return]
  File "/home/user/queue-dbms-project/app.py", line 366, in api_admin_summary
    summary = get_overall_summary()
NameError: name 'get_overall_summary' is not defined
[2025-11-26 21:20:39,981] ERROR in app: Exception on /admin/api/demand [GET]
Traceback (most recent call last):
  File "/home/user/queue-dbms-project/venv/lib/python3.10/site-packages/flask/app.py", line 1511, in wsgi_app
    response = self.full_dispatch_request()
  File "/home/user/queue-dbms-project/venv/lib/python3.10/site-packages/flask/app.py", line 919, in full_dispatch_request
    rv = self.handle_user_exception(e)
  File "/home/user/queue-dbms-project/venv/lib/python3.10/site-packages/flask/app.py", line 917, in full_dispatch_request
    rv = self.dispatch_request()
  File "/home/user/queue-dbms-project/venv/lib/python3.10/site-packages/flask/app.py", line 902, in dispatch_request
    return self.ensure_sync(self.view_functions[rule.endpoint])(**view_args)  # type: ignore[no-any-return]
  File "/home/user/queue-dbms-project/app.py", line 372, in api_admin_demand
    demand = get_hourly_demand()
NameError: name 'get_hourly_demand' is not defined
[2025-11-26 21:21:39,949] ERROR in app: Exception on /admin/api/demand [GET]
Traceback (most recent call last):
  File "/home/user/queue-dbms-project/venv/lib/python3.10/site-packages/flask/app.py", line 1511, in wsgi_app
    response = self.full_dispatch_request()
  File "/home/user/queue-dbms-project/venv/lib/python3.10/site-packages/flask/app.py", line 919, in full_dispatch_request
    rv = self.handle_user_exception(e)
  File "/home/user/queue-dbms-project/venv/lib/python3.10/site-packages/flask/app.py", line 917, in full_dispatch_request
    rv = self.dispatch_request()
  File "/home/user/queue-dbms-project/venv/lib/python3.10/site-packages/flask/app.py", line 902, in dispatch_request
    return self.ensure_sync(self.view_functions[rule.endpoint])(**view_args)  # type: ignore[no-any-return]
  File "/home/user/queue-dbms-project/app.py", line 372, in api_admin_demand
    demand = get_hourly_demand()
NameError: name 'get_hourly_demand' is not defined
[2025-11-26 21:21:39,950] ERROR in app: Exception on /admin/api/summary [GET]
Traceback (most recent call last):
  File "/home/user/queue-dbms-project/venv/lib/python3.10/site-packages/flask/app.py", line 1511, in wsgi_app
    response = self.full_dispatch_request()
  File "/home/user/queue-dbms-project/venv/lib/python3.10/site-packages/flask/app.py", line 919, in full_dispatch_request
    rv = self.handle_user_exception(e)
  File "/home/user/queue-dbms-project/venv/lib/python3.10/site-packages/flask/app.py", line 917, in full_dispatch_request
    rv = self.dispatch_request()
  File "/home/user/queue-dbms-project/venv/lib/python3.10/site-packages/flask/app.py", line 902, in dispatch_request
    return self.ensure_sync(self.view_functions[rule.endpoint])(**view_args)  # type: ignore[no-any-return]
  File "/home/user/queue-dbms-project/app.py", line 366, in api_admin_summary
    summary = get_overall_summary()
NameError: name 'get_overall_summary' is not defined
[2025-11-26 21:22:39,955] ERROR in app: Exception on /admin/api/demand [GET]
Traceback (most recent call last):
  File "/home/user/queue-dbms-project/venv/lib/python3.10/site-packages/flask/app.py", line 1511, in wsgi_app
    response = self.full_dispatch_request()
  File "/home/user/queue-dbms-project/venv/lib/python3.10/site-packages/flask/app.py", line 919, in full_dispatch_request
    rv = self.handle_user_exception(e)
  File "/home/user/queue-dbms-project/venv/lib/python3.10/site-packages/flask/app.py", line 917, in full_dispatch_request
    rv = self.dispatch_request()
  File "/home/user/queue-dbms-project/venv/lib/python3.10/site-packages/flask/app.py", line 902, in dispatch_request
    return self.ensure_sync(self.view_functions[rule.endpoint])(**view_args)  # type: ignore[no-any-return]
  File "/home/user/queue-dbms-project/app.py", line 372, in api_admin_demand
    demand = get_hourly_demand()
NameError: name 'get_hourly_demand' is not defined
[2025-11-26 21:22:39,955] ERROR in app: Exception on /admin/api/summary [GET]
Traceback (most recent call last):
  File "/home/user/queue-dbms-project/venv/lib/python3.10/site-packages/flask/app.py", line 1511, in wsgi_app
    response = self.full_dispatch_request()
  File "/home/user/queue-dbms-project/venv/lib/python3.10/site-packages/flask/app.py", line 919, in full_dispatch_request
    rv = self.handle_user_exception(e)
  File "/home/user/queue-dbms-project/venv/lib/python3.10/site-packages/flask/app.py", line 917, in full_dispatch_request
    rv = self.dispatch_request()
  File "/home/user/queue-dbms-project/venv/lib/python3.10/site-packages/flask/app.py", line 902, in dispatch_request
    return self.ensure_sync(self.view_functions[rule.endpoint])(**view_args)  # type: ignore[no-any-return]
  File "/home/user/queue-dbms-project/app.py", line 366, in api_admin_summary
    summary = get_overall_summary()
NameError: name 'get_overall_summary' is not defined
[2025-11-26 21:23:39,971] ERROR in app: Exception on /admin/api/summary [GET]
Traceback (most recent call last):
  File "/home/user/queue-dbms-project/venv/lib/python3.10/site-packages/flask/app.py", line 1511, in wsgi_app
    response = self.full_dispatch_request()
  File "/home/user/queue-dbms-project/venv/lib/python3.10/site-packages/flask/app.py", line 919, in full_dispatch_request
    rv = self.handle_user_exception(e)
  File "/home/user/queue-dbms-project/venv/lib/python3.10/site-packages/flask/app.py", line 917, in full_dispatch_request
    rv = self.dispatch_request()
  File "/home/user/queue-dbms-project/venv/lib/python3.10/site-packages/flask/app.py", line 902, in dispatch_request
    return self.ensure_sync(self.view_functions[rule.endpoint])(**view_args)  # type: ignore[no-any-return]
  File "/home/user/queue-dbms-project/app.py", line 366, in api_admin_summary
    summary = get_overall_summary()
NameError: name 'get_overall_summary' is not defined
[2025-11-26 21:23:39,977] ERROR in app: Exception on /admin/api/demand [GET]
Traceback (most recent call last):
  File "/home/user/queue-dbms-project/venv/lib/python3.10/site-packages/flask/app.py", line 1511, in wsgi_app
    response = self.full_dispatch_request()
  File "/home/user/queue-dbms-project/venv/lib/python3.10/site-packages/flask/app.py", line 919, in full_dispatch_request
    rv = self.handle_user_exception(e)
  File "/home/user/queue-dbms-project/venv/lib/python3.10/site-packages/flask/app.py", line 917, in full_dispatch_request
    rv = self.dispatch_request()
  File "/home/user/queue-dbms-project/venv/lib/python3.10/site-packages/flask/app.py", line 902, in dispatch_request
    return self.ensure_sync(self.view_functions[rule.endpoint])(**view_args)  # type: ignore[no-any-return]
  File "/home/user/queue-dbms-project/app.py", line 372, in api_admin_demand
    demand = get_hourly_demand()
NameError: name 'get_hourly_demand' is not defined
[2025-11-26 21:24:39,966] ERROR in app: Exception on /admin/api/summary [GET]
Traceback (most recent call last):
  File "/home/user/queue-dbms-project/venv/lib/python3.10/site-packages/flask/app.py", line 1511, in wsgi_app
    response = self.full_dispatch_request()
  File "/home/user/queue-dbms-project/venv/lib/python3.10/site-packages/flask/app.py", line 919, in full_dispatch_request
    rv = self.handle_user_exception(e)
  File "/home/user/queue-dbms-project/venv/lib/python3.10/site-packages/flask/app.py", line 917, in full_dispatch_request
    rv = self.dispatch_request()
  File "/home/user/queue-dbms-project/venv/lib/python3.10/site-packages/flask/app.py", line 902, in dispatch_request
    return self.ensure_sync(self.view_functions[rule.endpoint])(**view_args)  # type: ignore[no-any-return]
  File "/home/user/queue-dbms-project/app.py", line 366, in api_admin_summary
    summary = get_overall_summary()
NameError: name 'get_overall_summary' is not defined
[2025-11-26 21:24:39,969] ERROR in app: Exception on /admin/api/demand [GET]
Traceback (most recent call last):
  File "/home/user/queue-dbms-project/venv/lib/python3.10/site-packages/flask/app.py", line 1511, in wsgi_app
    response = self.full_dispatch_request()
  File "/home/user/queue-dbms-project/venv/lib/python3.10/site-packages/flask/app.py", line 919, in full_dispatch_request
    rv = self.handle_user_exception(e)
  File "/home/user/queue-dbms-project/venv/lib/python3.10/site-packages/flask/app.py", line 917, in full_dispatch_request
    rv = self.dispatch_request()
  File "/home/user/queue-dbms-project/venv/lib/python3.10/site-packages/flask/app.py", line 902, in dispatch_request
    return self.ensure_sync(self.view_functions[rule.endpoint])(**view_args)  # type: ignore[no-any-return]
  File "/home/user/queue-dbms-project/app.py", line 372, in api_admin_demand
    demand = get_hourly_demand()
NameError: name 'get_hourly_demand' is not defined
[2025-11-26 21:25:39,954] ERROR in app: Exception on /admin/api/summary [GET]
Traceback (most recent call last):
  File "/home/user/queue-dbms-project/venv/lib/python3.10/site-packages/flask/app.py", line 1511, in wsgi_app
    response = self.full_dispatch_request()
  File "/home/user/queue-dbms-project/venv/lib/python3.10/site-packages/flask/app.py", line 919, in full_dispatch_request
    rv = self.handle_user_exception(e)
  File "/home/user/queue-dbms-project/venv/lib/python3.10/site-packages/flask/app.py", line 917, in full_dispatch_request
    rv = self.dispatch_request()
  File "/home/user/queue-dbms-project/venv/lib/python3.10/site-packages/flask/app.py", line 902, in dispatch_request
    return self.ensure_sync(self.view_functions[rule.endpoint])(**view_args)  # type: ignore[no-any-return]
  File "/home/user/queue-dbms-project/app.py", line 366, in api_admin_summary
    summary = get_overall_summary()
NameError: name 'get_overall_summary' is not defined
[2025-11-26 21:25:39,964] ERROR in app: Exception on /admin/api/demand [GET]
Traceback (most recent call last):
  File "/home/user/queue-dbms-project/venv/lib/python3.10/site-packages/flask/app.py", line 1511, in wsgi_app
    response = self.full_dispatch_request()
  File "/home/user/queue-dbms-project/venv/lib/python3.10/site-packages/flask/app.py", line 919, in full_dispatch_request
    rv = self.handle_user_exception(e)
  File "/home/user/queue-dbms-project/venv/lib/python3.10/site-packages/flask/app.py", line 917, in full_dispatch_request
    rv = self.dispatch_request()
  File "/home/user/queue-dbms-project/venv/lib/python3.10/site-packages/flask/app.py", line 902, in dispatch_request
    return self.ensure_sync(self.view_functions[rule.endpoint])(**view_args)  # type: ignore[no-any-return]
  File "/home/user/queue-dbms-project/app.py", line 372, in api_admin_demand
    demand = get_hourly_demand()
NameError: name 'get_hourly_demand' is not defined
[2025-11-26 21:26:39,984] ERROR in app: Exception on /admin/api/summary [GET]
Traceback (most recent call last):
  File "/home/user/queue-dbms-project/venv/lib/python3.10/site-packages/flask/app.py", line 1511, in wsgi_app
    response = self.full_dispatch_request()
  File "/home/user/queue-dbms-project/venv/lib/python3.10/site-packages/flask/app.py", line 919, in full_dispatch_request
    rv = self.handle_user_exception(e)
  File "/home/user/queue-dbms-project/venv/lib/python3.10/site-packages/flask/app.py", line 917, in full_dispatch_request
    rv = self.dispatch_request()
  File "/home/user/queue-dbms-project/venv/lib/python3.10/site-packages/flask/app.py", line 902, in dispatch_request
    return self.ensure_sync(self.view_functions[rule.endpoint])(**view_args)  # type: ignore[no-any-return]
  File "/home/user/queue-dbms-project/app.py", line 366, in api_admin_summary
    summary = get_overall_summary()
NameError: name 'get_overall_summary' is not defined
[2025-11-26 21:26:39,984] ERROR in app: Exception on /admin/api/demand [GET]
Traceback (most recent call last):
  File "/home/user/queue-dbms-project/venv/lib/python3.10/site-packages/flask/app.py", line 1511, in wsgi_app
    response = self.full_dispatch_request()
  File "/home/user/queue-dbms-project/venv/lib/python3.10/site-packages/flask/app.py", line 919, in full_dispatch_request
    rv = self.handle_user_exception(e)
  File "/home/user/queue-dbms-project/venv/lib/python3.10/site-packages/flask/app.py", line 917, in full_dispatch_request
    rv = self.dispatch_request()
  File "/home/user/queue-dbms-project/venv/lib/python3.10/site-packages/flask/app.py", line 902, in dispatch_request
    return self.ensure_sync(self.view_functions[rule.endpoint])(**view_args)  # type: ignore[no-any-return]
  File "/home/user/queue-dbms-project/app.py", line 372, in api_admin_demand
    demand = get_hourly_demand()
NameError: name 'get_hourly_demand' is not defined
[2025-11-26 21:27:39,958] ERROR in app: Exception on /admin/api/summary [GET]
Traceback (most recent call last):
  File "/home/user/queue-dbms-project/venv/lib/python3.10/site-packages/flask/app.py", line 1511, in wsgi_app
    response = self.full_dispatch_request()
  File "/home/user/queue-dbms-project/venv/lib/python3.10/site-packages/flask/app.py", line 919, in full_dispatch_request
    rv = self.handle_user_exception(e)
  File "/home/user/queue-dbms-project/venv/lib/python3.10/site-packages/flask/app.py", line 917, in full_dispatch_request
    rv = self.dispatch_request()
  File "/home/user/queue-dbms-project/venv/lib/python3.10/site-packages/flask/app.py", line 902, in dispatch_request
    return self.ensure_sync(self.view_functions[rule.endpoint])(**view_args)  # type: ignore[no-any-return]
  File "/home/user/queue-dbms-project/app.py", line 366, in api_admin_summary
    summary = get_overall_summary()
NameError: name 'get_overall_summary' is not defined
[2025-11-26 21:27:39,963] ERROR in app: Exception on /admin/api/demand [GET]
Traceback (most recent call last):
  File "/home/user/queue-dbms-project/venv/lib/python3.10/site-packages/flask/app.py", line 1511, in wsgi_app
    response = self.full_dispatch_request()
  File "/home/user/queue-dbms-project/venv/lib/python3.10/site-packages/flask/app.py", line 919, in full_dispatch_request
    rv = self.handle_user_exception(e)
  File "/home/user/queue-dbms-project/venv/lib/python3.10/site-packages/flask/app.py", line 917, in full_dispatch_request
    rv = self.dispatch_request()
  File "/home/user/queue-dbms-project/venv/lib/python3.10/site-packages/flask/app.py", line 902, in dispatch_request
    return self.ensure_sync(self.view_functions[rule.endpoint])(**view_args)  # type: ignore[no-any-return]
  File "/home/user/queue-dbms-project/app.py", line 372, in api_admin_demand
    demand = get_hourly_demand()
NameError: name 'get_hourly_demand' is not defined
[2025-11-26 21:28:39,958] ERROR in app: Exception on /admin/api/summary [GET]
Traceback (most recent call last):
  File "/home/user/queue-dbms-project/venv/lib/python3.10/site-packages/flask/app.py", line 1511, in wsgi_app
    response = self.full_dispatch_request()
  File "/home/user/queue-dbms-project/venv/lib/python3.10/site-packages/flask/app.py", line 919, in full_dispatch_request
    rv = self.handle_user_exception(e)
  File "/home/user/queue-dbms-project/venv/lib/python3.10/site-packages/flask/app.py", line 917, in full_dispatch_request
    rv = self.dispatch_request()
  File "/home/user/queue-dbms-project/venv/lib/python3.10/site-packages/flask/app.py", line 902, in dispatch_request
    return self.ensure_sync(self.view_functions[rule.endpoint])(**view_args)  # type: ignore[no-any-return]
  File "/home/user/queue-dbms-project/app.py", line 366, in api_admin_summary
    summary = get_overall_summary()
NameError: name 'get_overall_summary' is not defined
[2025-11-26 21:28:39,961] ERROR in app: Exception on /admin/api/demand [GET]
Traceback (most recent call last):
  File "/home/user/queue-dbms-project/venv/lib/python3.10/site-packages/flask/app.py", line 1511, in wsgi_app
    response = self.full_dispatch_request()
  File "/home/user/queue-dbms-project/venv/lib/python3.10/site-packages/flask/app.py", line 919, in full_dispatch_request
    rv = self.handle_user_exception(e)
  File "/home/user/queue-dbms-project/venv/lib/python3.10/site-packages/flask/app.py", line 917, in full_dispatch_request
    rv = self.dispatch_request()
  File "/home/user/queue-dbms-project/venv/lib/python3.10/site-packages/flask/app.py", line 902, in dispatch_request
    return self.ensure_sync(self.view_functions[rule.endpoint])(**view_args)  # type: ignore[no-any-return]
  File "/home/user/queue-dbms-project/app.py", line 372, in api_admin_demand
    demand = get_hourly_demand()
NameError: name 'get_hourly_demand' is not defined
[2025-11-26 21:29:39,966] ERROR in app: Exception on /admin/api/summary [GET]
Traceback (most recent call last):
  File "/home/user/queue-dbms-project/venv/lib/python3.10/site-packages/flask/app.py", line 1511, in wsgi_app
    response = self.full_dispatch_request()
  File "/home/user/queue-dbms-project/venv/lib/python3.10/site-packages/flask/app.py", line 919, in full_dispatch_request
    rv = self.handle_user_exception(e)
  File "/home/user/queue-dbms-project/venv/lib/python3.10/site-packages/flask/app.py", line 917, in full_dispatch_request
    rv = self.dispatch_request()
  File "/home/user/queue-dbms-project/venv/lib/python3.10/site-packages/flask/app.py", line 902, in dispatch_request
    return self.ensure_sync(self.view_functions[rule.endpoint])(**view_args)  # type: ignore[no-any-return]
  File "/home/user/queue-dbms-project/app.py", line 366, in api_admin_summary
    summary = get_overall_summary()
NameError: name 'get_overall_summary' is not defined
[2025-11-26 21:29:39,966] ERROR in app: Exception on /admin/api/demand [GET]
Traceback (most recent call last):
  File "/home/user/queue-dbms-project/venv/lib/python3.10/site-packages/flask/app.py", line 1511, in wsgi_app
    response = self.full_dispatch_request()
  File "/home/user/queue-dbms-project/venv/lib/python3.10/site-packages/flask/app.py", line 919, in full_dispatch_request
    rv = self.handle_user_exception(e)
  File "/home/user/queue-dbms-project/venv/lib/python3.10/site-packages/flask/app.py", line 917, in full_dispatch_request
    rv = self.dispatch_request()
  File "/home/user/queue-dbms-project/venv/lib/python3.10/site-packages/flask/app.py", line 902, in dispatch_request
    return self.ensure_sync(self.view_functions[rule.endpoint])(**view_args)  # type: ignore[no-any-return]
  File "/home/user/queue-dbms-project/app.py", line 372, in api_admin_demand
    demand = get_hourly_demand()
NameError: name 'get_hourly_demand' is not defined
[2025-11-26 21:30:39,952] ERROR in app: Exception on /admin/api/summary [GET]
Traceback (most recent call last):
  File "/home/user/queue-dbms-project/venv/lib/python3.10/site-packages/flask/app.py", line 1511, in wsgi_app
    response = self.full_dispatch_request()
  File "/home/user/queue-dbms-project/venv/lib/python3.10/site-packages/flask/app.py", line 919, in full_dispatch_request
    rv = self.handle_user_exception(e)
  File "/home/user/queue-dbms-project/venv/lib/python3.10/site-packages/flask/app.py", line 917, in full_dispatch_request
    rv = self.dispatch_request()
  File "/home/user/queue-dbms-project/venv/lib/python3.10/site-packages/flask/app.py", line 902, in dispatch_request
    return self.ensure_sync(self.view_functions[rule.endpoint])(**view_args)  # type: ignore[no-any-return]
  File "/home/user/queue-dbms-project/app.py", line 366, in api_admin_summary
    summary = get_overall_summary()
NameError: name 'get_overall_summary' is not defined
[2025-11-26 21:30:39,956] ERROR in app: Exception on /admin/api/demand [GET]
Traceback (most recent call last):
  File "/home/user/queue-dbms-project/venv/lib/python3.10/site-packages/flask/app.py", line 1511, in wsgi_app
    response = self.full_dispatch_request()
  File "/home/user/queue-dbms-project/venv/lib/python3.10/site-packages/flask/app.py", line 919, in full_dispatch_request
    rv = self.handle_user_exception(e)
  File "/home/user/queue-dbms-project/venv/lib/python3.10/site-packages/flask/app.py", line 917, in full_dispatch_request
    rv = self.dispatch_request()
  File "/home/user/queue-dbms-project/venv/lib/python3.10/site-packages/flask/app.py", line 902, in dispatch_request
    return self.ensure_sync(self.view_functions[rule.endpoint])(**view_args)  # type: ignore[no-any-return]
  File "/home/user/queue-dbms-project/app.py", line 372, in api_admin_demand
    demand = get_hourly_demand()
NameError: name 'get_hourly_demand' is not defined
[2025-11-26 21:31:39,968] ERROR in app: Exception on /admin/api/summary [GET]
Traceback (most recent call last):
  File "/home/user/queue-dbms-project/venv/lib/python3.10/site-packages/flask/app.py", line 1511, in wsgi_app
    response = self.full_dispatch_request()
  File "/home/user/queue-dbms-project/venv/lib/python3.10/site-packages/flask/app.py", line 919, in full_dispatch_request
    rv = self.handle_user_exception(e)
  File "/home/user/queue-dbms-project/venv/lib/python3.10/site-packages/flask/app.py", line 917, in full_dispatch_request
    rv = self.dispatch_request()
  File "/home/user/queue-dbms-project/venv/lib/python3.10/site-packages/flask/app.py", line 902, in dispatch_request
    return self.ensure_sync(self.view_functions[rule.endpoint])(**view_args)  # type: ignore[no-any-return]
  File "/home/user/queue-dbms-project/app.py", line 366, in api_admin_summary
    summary = get_overall_summary()
NameError: name 'get_overall_summary' is not defined
[2025-11-26 21:31:39,972] ERROR in app: Exception on /admin/api/demand [GET]
Traceback (most recent call last):
  File "/home/user/queue-dbms-project/venv/lib/python3.10/site-packages/flask/app.py", line 1511, in wsgi_app
    response = self.full_dispatch_request()
  File "/home/user/queue-dbms-project/venv/lib/python3.10/site-packages/flask/app.py", line 919, in full_dispatch_request
    rv = self.handle_user_exception(e)
  File "/home/user/queue-dbms-project/venv/lib/python3.10/site-packages/flask/app.py", line 917, in full_dispatch_request
    rv = self.dispatch_request()
  File "/home/user/queue-dbms-project/venv/lib/python3.10/site-packages/flask/app.py", line 902, in dispatch_request
    return self.ensure_sync(self.view_functions[rule.endpoint])(**view_args)  # type: ignore[no-any-return]
  File "/home/user/queue-dbms-project/app.py", line 372, in api_admin_demand
    demand = get_hourly_demand()
NameError: name 'get_hourly_demand' is not defined
[2025-11-26 21:32:39,954] ERROR in app: Exception on /admin/api/summary [GET]
Traceback (most recent call last):
  File "/home/user/queue-dbms-project/venv/lib/python3.10/site-packages/flask/app.py", line 1511, in wsgi_app
    response = self.full_dispatch_request()
  File "/home/user/queue-dbms-project/venv/lib/python3.10/site-packages/flask/app.py", line 919, in full_dispatch_request
    rv = self.handle_user_exception(e)
  File "/home/user/queue-dbms-project/venv/lib/python3.10/site-packages/flask/app.py", line 917, in full_dispatch_request
    rv = self.dispatch_request()
  File "/home/user/queue-dbms-project/venv/lib/python3.10/site-packages/flask/app.py", line 902, in dispatch_request
    return self.ensure_sync(self.view_functions[rule.endpoint])(**view_args)  # type: ignore[no-any-return]
  File "/home/user/queue-dbms-project/app.py", line 366, in api_admin_summary
    summary = get_overall_summary()
NameError: name 'get_overall_summary' is not defined
[2025-11-26 21:32:39,958] ERROR in app: Exception on /admin/api/demand [GET]
Traceback (most recent call last):
  File "/home/user/queue-dbms-project/venv/lib/python3.10/site-packages/flask/app.py", line 1511, in wsgi_app
    response = self.full_dispatch_request()
  File "/home/user/queue-dbms-project/venv/lib/python3.10/site-packages/flask/app.py", line 919, in full_dispatch_request
    rv = self.handle_user_exception(e)
  File "/home/user/queue-dbms-project/venv/lib/python3.10/site-packages/flask/app.py", line 917, in full_dispatch_request
    rv = self.dispatch_request()
  File "/home/user/queue-dbms-project/venv/lib/python3.10/site-packages/flask/app.py", line 902, in dispatch_request
    return self.ensure_sync(self.view_functions[rule.endpoint])(**view_args)  # type: ignore[no-any-return]
  File "/home/user/queue-dbms-project/app.py", line 372, in api_admin_demand
    demand = get_hourly_demand()
NameError: name 'get_hourly_demand' is not defined
[2025-11-26 21:32:53 +0800] [15571] [INFO] Handling signal: int
[2025-11-26 21:32:53 +0800] [15739] [INFO] Worker exiting (pid: 15739)
[2025-11-26 21:32:53 +0800] [15726] [INFO] Worker exiting (pid: 15726)
[2025-11-26 21:32:53 +0800] [15721] [INFO] Worker exiting (pid: 15721)
[2025-11-26 21:32:54 +0800] [15571] [INFO] Shutting down: Master
